101.07.13 12:12 B C:\Scripture Creations\Marketing\WebSite\control.htm --> lindon.org / control.htm
101.07.13 12:12 B C:\Scripture Creations\Marketing\WebSite\desc.htm --> lindon.org / desc.htm
101.07.13 12:12 B C:\Scripture Creations\Marketing\WebSite\distribution.htm --> lindon.org / distribution.htm
101.07.13 12:12 B C:\Scripture Creations\Marketing\WebSite\ideas.htm --> lindon.org / ideas.htm
101.07.13 12:12 B C:\Scripture Creations\Marketing\WebSite\index.htm --> lindon.org / index.htm
101.07.13 12:12 B C:\Scripture Creations\Marketing\WebSite\info.htm --> lindon.org / info.htm
101.07.13 12:12 B C:\Scripture Creations\Marketing\WebSite\links.htm --> lindon.org / links.htm
101.07.13 12:12 B C:\Scripture Creations\Marketing\WebSite\orderform.htm --> lindon.org / orderform.htm
101.07.13 12:12 B C:\Scripture Creations\Marketing\WebSite\products.htm --> lindon.org / products.htm
101.07.14 15:12 B C:\Scripture Creations\Marketing\WebSite\orderform.htm --> lindon.org / orderform.htm
101.07.17 16:38 B c:\scripture creations\marketing\website\links.htm --> lindon.org / links.htm
101.07.17 16:38 B c:\scripture creations\marketing\website\orderform.htm --> lindon.org / orderform.htm
101.07.24 10:11 B c:\scripture creations\marketing\website\links.htm --> lindon.org / links.htm
101.07.24 10:19 B c:\scripture creations\marketing\website\links.htm --> lindon.org / links.htm
101.07.24 10:24 B c:\scripture creations\marketing\website\links.htm --> lindon.org / links.htm
101.07.24 10:25 B c:\scripture creations\marketing\website\links.htm --> lindon.org / links.htm
101.08.10 12:07 B c:\scripture creations\marketing\website\orderform.htm --> lindon.org / orderform.htm
101.08.22 11:58 B c:\scripture creations\marketing\website\orderform.htm --> lindon.org / orderform.htm
101.08.25 09:20 B c:\scripture creations\marketing\website\links.htm --> lindon.org / links.htm
101.08.25 17:33 B c:\scripture creations\marketing\website\orderform.htm --> lindon.org / orderform.htm
101.08.25 17:33 B c:\scripture creations\marketing\website\ordermaps.htm --> lindon.org / ordermaps.htm
101.08.25 17:33 B c:\scripture creations\marketing\website\products.htm --> lindon.org / products.htm
101.08.25 18:00 B c:\scripture creations\marketing\website\orderform.htm --> lindon.org / orderform.htm
101.08.25 18:00 B c:\scripture creations\marketing\website\ordermaps.htm --> lindon.org / ordermaps.htm
101.08.25 18:00 B c:\scripture creations\marketing\website\products.htm --> lindon.org / products.htm
101.08.25 20:10 B c:\scripture creations\marketing\website\links.htm --> lindon.org / links.htm
101.09.04 07:35 B c:\scripture creations\marketing\website\control.htm --> lindon.org / control.htm
101.09.04 07:35 B c:\scripture creations\marketing\website\desc.htm --> lindon.org / desc.htm
101.09.04 07:35 B c:\scripture creations\marketing\website\deseretnews.htm --> lindon.org / deseretnews.htm
101.09.04 07:35 B c:\scripture creations\marketing\website\distribution.htm --> lindon.org / distribution.htm
101.09.04 07:35 B c:\scripture creations\marketing\website\ideas.htm --> lindon.org / ideas.htm
101.09.04 07:35 B c:\scripture creations\marketing\website\info.htm --> lindon.org / info.htm
101.09.04 07:35 B c:\scripture creations\marketing\website\links.htm --> lindon.org / links.htm
101.09.04 07:35 B c:\scripture creations\marketing\website\orderform.htm --> lindon.org / orderform.htm
101.09.04 07:35 B c:\scripture creations\marketing\website\ordermaps.htm --> lindon.org / ordermaps.htm
101.09.04 07:35 B c:\scripture creations\marketing\website\products.htm --> lindon.org / products.htm
101.09.04 07:46 B c:\scripture creations\marketing\website\ordermaps.htm --> lindon.org / ordermaps.htm
101.09.04 07:52 B c:\scripture creations\marketing\website\desc.htm --> lindon.org / desc.htm
101.09.04 07:52 B c:\scripture creations\marketing\website\deseretnews.htm --> lindon.org / deseretnews.htm
101.09.04 07:52 B c:\scripture creations\marketing\website\distribution.htm --> lindon.org / distribution.htm
101.09.04 07:52 B c:\scripture creations\marketing\website\ideas.htm --> lindon.org / ideas.htm
101.09.04 07:52 B c:\scripture creations\marketing\website\index.htm --> lindon.org / index.htm
101.09.04 07:52 B c:\scripture creations\marketing\website\info.htm --> lindon.org / info.htm
101.09.04 07:52 B c:\scripture creations\marketing\website\links.htm --> lindon.org / links.htm
101.09.04 07:52 B c:\scripture creations\marketing\website\orderform.htm --> lindon.org / orderform.htm
101.09.04 07:52 B c:\scripture creations\marketing\website\ordermaps.htm --> lindon.org / ordermaps.htm
101.09.04 07:52 B c:\scripture creations\marketing\website\products.htm --> lindon.org / products.htm
101.09.04 09:30 B c:\scripture creations\marketing\website\deseretnews.htm --> lindon.org / deseretnews.htm
101.09.04 09:48 B c:\scripture creations\marketing\website\deseretnews.htm <-- lindon.org / deseretnews.htm
101.09.20 13:27 B c:\scripture creations\marketing\website\ordermaps.htm --> lindon.org / ordermaps.htm
101.09.20 13:27 B c:\scripture creations\marketing\website\products.htm --> lindon.org / products.htm
101.09.20 15:53 B c:\scripture creations\marketing\website\ordermaps.htm --> lindon.org / ordermaps.htm
101.11.29 10:51 B C:\Scripture Creations\Marketing\WebSite\deseretnews.htm --> lindon.org / deseretnews.htm
101.11.29 10:51 B C:\Scripture Creations\Marketing\WebSite\distribution.htm --> lindon.org / distribution.htm
101.11.29 10:51 B C:\Scripture Creations\Marketing\WebSite\FAX_ORDER.HTM --> lindon.org / FAX_ORDER.HTM
101.11.29 10:51 B C:\Scripture Creations\Marketing\WebSite\ideas.htm --> lindon.org / ideas.htm
101.11.29 10:51 B C:\Scripture Creations\Marketing\WebSite\index.htm --> lindon.org / index.htm
101.11.29 10:51 B C:\Scripture Creations\Marketing\WebSite\links.htm --> lindon.org / links.htm
101.11.29 10:51 B C:\Scripture Creations\Marketing\WebSite\orderform.htm --> lindon.org / orderform.htm
101.11.29 10:51 B C:\Scripture Creations\Marketing\WebSite\ordermaps.htm --> lindon.org / ordermaps.htm
101.11.29 10:51 B C:\Scripture Creations\Marketing\WebSite\products.htm --> lindon.org / products.htm
101.11.29 11:17 B C:\Scripture Creations\Marketing\WebSite\index.htm --> lindon.org / index.htm
101.11.29 11:17 B C:\Scripture Creations\Marketing\WebSite\links.htm --> lindon.org / links.htm
101.11.29 11:18 B C:\Scripture Creations\Marketing\WebSite\deseretnews.htm --> lindon.org / deseretnews.htm
101.11.29 11:26 B C:\Scripture Creations\Marketing\WebSite\products.htm --> lindon.org / products.htm
101.12.12 10:57 B C:\Scripture Creations\Marketing\WebSite\orderform.htm --> lindon.org / orderform.htm
102.01.28 10:29 B C:\Scripture Creations\Marketing\WebSite\index.htm --> lindon.org / index.htm
102.01.28 10:29 B C:\Scripture Creations\Marketing\WebSite\info.htm --> lindon.org / info.htm
102.01.28 10:29 B C:\Scripture Creations\Marketing\WebSite\orderform.htm --> lindon.org / orderform.htm
102.01.28 11:02 B C:\Scripture Creations\Marketing\WebSite\products.htm --> lindon.org /images products.htm
102.01.28 11:03 B C:\Scripture Creations\Marketing\WebSite\products.htm --> lindon.org / products.htm
102.01.28 11:23 B C:\Scripture Creations\Marketing\WebSite\NewProducts.HTM --> lindon.org / NewProducts.HTM
102.01.28 11:24 B C:\Scripture Creations\Marketing\WebSite\NewProducts.htm --> lindon.org / NewProducts.htm
102.01.29 18:10 B C:\Scripture Creations\Marketing\WebSite\NewProd1.htm --> lindon.org / NewProd1.htm
102.01.29 18:29 B C:\Scripture Creations\Marketing\WebSite\ordermaps.htm --> lindon.org / ordermaps.htm
102.02.11 17:41 B C:\Scripture Creations\Marketing\WebSite\orderform.htm --> lindon.org / orderform.htm
102.02.11 17:41 B C:\Scripture Creations\Marketing\WebSite\ordermaps.htm --> lindon.org / ordermaps.htm
102.02.11 17:41 B C:\Scripture Creations\Marketing\WebSite\products.htm --> lindon.org / products.htm
102.03.06 12:59 B C:\Scripture Creations\Marketing\WebSite\orderform.htm --> lindon.org / orderform.htm
102.03.06 13:00 B C:\Scripture Creations\Marketing\WebSite\ordermaps.htm --> lindon.org / ordermaps.htm
102.03.06 13:00 B C:\Scripture Creations\Marketing\WebSite\products.htm --> lindon.org / products.htm
102.03.06 13:05 B C:\Scripture Creations\Marketing\WebSite\ordermaps.htm --> lindon.org / ordermaps.htm
103.01.27 19:38 B C:\Scripture Creations\Marketing\WebSite\orderform.htm --> lindon.org / orderform.htm
103.01.27 19:38 B C:\Scripture Creations\Marketing\WebSite\ordermaps.htm --> lindon.org / ordermaps.htm
103.01.27 19:38 B C:\Scripture Creations\Marketing\WebSite\products.htm --> lindon.org / products.htm
103.01.27 19:46 B C:\Scripture Creations\Marketing\WebSite\index.htm --> lindon.org /images index.htm
103.01.27 19:46 B C:\Scripture Creations\Marketing\WebSite\index.htm --> lindon.org /images index.htm
103.01.27 19:48 B C:\Scripture Creations\Marketing\WebSite\index.htm --> lindon.org /images index.htm
103.01.27 19:50 B C:\Scripture Creations\Marketing\WebSite\index.htm --> lindon.org /images index.htm
103.01.27 19:51 B C:\Scripture Creations\Marketing\WebSite\index.htm --> lindon.org / index.htm
103.10.11 12:53 B C:\Scripture Creations\Marketing\WebSite\BoxArticles.jpg --> lindon.org /images BoxArticles.jpg
103.10.11 12:53 B C:\Scripture Creations\Marketing\WebSite\products.htm --> lindon.org /images products.htm
103.10.11 12:57 B C:\Scripture Creations\Marketing\WebSite\distribution.htm --> lindon.org / distribution.htm
103.10.11 12:57 B C:\Scripture Creations\Marketing\WebSite\ideas.htm --> lindon.org / ideas.htm
103.10.11 12:57 B C:\Scripture Creations\Marketing\WebSite\index.htm --> lindon.org / index.htm
103.10.11 12:57 B C:\Scripture Creations\Marketing\WebSite\info.htm --> lindon.org / info.htm
103.10.11 12:57 B C:\Scripture Creations\Marketing\WebSite\Jon.htm --> lindon.org / Jon.htm
103.10.11 12:57 B C:\Scripture Creations\Marketing\WebSite\links.htm --> lindon.org / links.htm
103.10.11 12:57 B C:\Scripture Creations\Marketing\WebSite\NewProd1.htm --> lindon.org / NewProd1.htm
103.10.11 12:57 B C:\Scripture Creations\Marketing\WebSite\NewProducts.htm --> lindon.org / NewProducts.htm
103.10.11 12:57 B C:\Scripture Creations\Marketing\WebSite\order.htm --> lindon.org / order.htm
103.10.11 12:57 B C:\Scripture Creations\Marketing\WebSite\orderform.htm --> lindon.org / orderform.htm
103.10.11 12:57 B C:\Scripture Creations\Marketing\WebSite\products.htm --> lindon.org / products.htm
103.10.11 13:06 B C:\Scripture Creations\Marketing\WebSite\index.htm --> lindon.org / index.htm
103.10.11 13:06 B C:\Scripture Creations\Marketing\WebSite\order.htm --> lindon.org / order.htm
103.10.11 13:06 B C:\Scripture Creations\Marketing\WebSite\orderform.htm --> lindon.org / orderform.htm
103.12.01 16:06 B C:\Scripture Creations\Marketing\WebSite\Bionacle.htm --> lindon.org / Bionacle.htm
103.12.01 16:06 B C:\Scripture Creations\Marketing\WebSite\Jon.htm --> lindon.org / Jon.htm
103.12.01 16:14 B C:\Scripture Creations\Marketing\WebSite\distribution.htm --> lindon.org / distribution.htm
103.12.01 16:14 B C:\Scripture Creations\Marketing\WebSite\ideas.htm --> lindon.org / ideas.htm
103.12.01 16:14 B C:\Scripture Creations\Marketing\WebSite\order.htm --> lindon.org / order.htm
103.12.01 16:14 B C:\Scripture Creations\Marketing\WebSite\orderform.htm --> lindon.org / orderform.htm
104.06.07 11:15 B c:\Scripture Creations\Marketing\WebSite\index.htm --> lindon.org / index.htm
104.06.07 11:15 B c:\Scripture Creations\Marketing\WebSite\products.htm --> lindon.org / products.htm
104.06.07 11:15 B c:\Scripture Creations\Marketing\WebSite\qdcousins.htm --> lindon.org / qdcousins.htm
104.06.07 23:22 B C:\Scripture Creations\Marketing\WebSite\qdcousins.htm --> lindon.org / qdcousins.htm
104.06.09 19:52 B C:\Scripture Creations\Marketing\WebSite\qdcousins.htm --> lindon.org / qdcousins.htm
104.06.09 20:09 B C:\Scripture Creations\Marketing\WebSite\order.htm --> lindon.org / order.htm
104.06.17 17:50 B C:\Scripture Creations\Marketing\WebSite\order.htm --> lindon.org / order.htm
104.07.21 23:57 B C:\Scripture Creations\Marketing\WebSite\order.htm --> lindon.org / order.htm
104.11.05 19:58 B C:\Scripture Creations\Marketing\WebSite\order.htm --> lindon.org /www/scripturecreations.com order.htm
104.11.05 19:58 B C:\Scripture Creations\Marketing\WebSite\orderform.htm --> lindon.org /www/scripturecreations.com orderform.htm
104.11.05 20:01 B C:\Scripture Creations\Marketing\WebSite\products.htm --> lindon.org /www/scripturecreations.com products.htm
104.11.08 00:12 B C:\Scripture Creations\Marketing\WebSite\RURelated.htm --> lindon.org /www/scripturecreations.com RURelated.htm
104.11.08 00:14 B C:\Scripture Creations\Marketing\WebSite\RURelated.htm --> lindon.org /www/scripturecreations.com RURelated.htm
104.11.08 00:15 B C:\Scripture Creations\Marketing\WebSite\rurelated.htm --> lindon.org /www/scripturecreations.com rurelated.htm
105.02.22 22:03 B C:\Scripture Creations\Marketing\WebSite\Jon.htm --> lindon.org /www/scripturecreations.com Jon.htm
105.02.22 22:07 B C:\Scripture Creations\Marketing\WebSite\Jon.htm --> lindon.org / Jon.htm
105.02.22 22:08 B C:\Scripture Creations\Marketing\WebSite\Jon.htm --> lindon.org /www/scripturecreations.com Jon.htm
110.02.19 19:59 B H:\Website\Bionacle.htm --> ScriptureCreations.com /www/scripturecreations.com Bionacle.htm
110.02.19 19:59 B H:\Website\BofM Geog References.wpd --> ScriptureCreations.com /www/scripturecreations.com BofM Geog References.wpd
110.02.19 19:59 B H:\Website\BookofMormonGeographyMap.htm --> ScriptureCreations.com /www/scripturecreations.com BookofMormonGeographyMap.htm
110.02.19 19:59 B H:\Website\catalog.pdf --> ScriptureCreations.com /www/scripturecreations.com catalog.pdf
110.02.19 19:59 B H:\Website\contact.htm --> ScriptureCreations.com /www/scripturecreations.com contact.htm
110.02.19 19:59 B H:\Website\EvidencesforJosephSmith.htm --> ScriptureCreations.com /www/scripturecreations.com EvidencesforJosephSmith.htm
110.02.19 19:59 B H:\Website\EvidencesfortheBookofMormon.htm --> ScriptureCreations.com /www/scripturecreations.com EvidencesfortheBookofMormon.htm
110.02.19 19:59 B H:\Website\HeaderInfo.htm --> ScriptureCreations.com /www/scripturecreations.com HeaderInfo.htm
110.02.19 19:59 B H:\Website\index.htm --> ScriptureCreations.com /www/scripturecreations.com index.htm
110.02.19 19:59 B H:\Website\Jon.htm --> ScriptureCreations.com /www/scripturecreations.com Jon.htm
110.02.19 19:59 B H:\Website\Mission.htm --> ScriptureCreations.com /www/scripturecreations.com Mission.htm
110.02.19 19:59 B H:\Website\Order800Signs.htm --> ScriptureCreations.com /www/scripturecreations.com Order800Signs.htm
110.02.19 19:59 B H:\Website\OrderAofF.htm --> ScriptureCreations.com /www/scripturecreations.com OrderAofF.htm
110.02.19 19:59 B H:\Website\OrderBofMChronology.htm --> ScriptureCreations.com /www/scripturecreations.com OrderBofMChronology.htm
110.02.19 19:59 B H:\Website\OrderBofMEvidences.htm --> ScriptureCreations.com /www/scripturecreations.com OrderBofMEvidences.htm
110.02.19 19:59 B H:\Website\OrderCHMap.htm --> ScriptureCreations.com /www/scripturecreations.com OrderCHMap.htm
110.02.19 19:59 B H:\Website\OrderChristianCertif.htm --> ScriptureCreations.com /www/scripturecreations.com OrderChristianCertif.htm
110.02.19 19:59 B H:\Website\OrderCommissioned.htm --> ScriptureCreations.com /www/scripturecreations.com OrderCommissioned.htm
110.02.19 19:59 B H:\Website\OrderConcentrate.htm --> ScriptureCreations.com /www/scripturecreations.com OrderConcentrate.htm
110.02.19 19:59 B H:\Website\OrderDandCReference.htm --> ScriptureCreations.com /www/scripturecreations.com OrderDandCReference.htm
110.02.19 19:59 B H:\Website\OrderDaniel.htm --> ScriptureCreations.com /www/scripturecreations.com OrderDaniel.htm
110.02.19 19:59 B H:\Website\OrderEternalRewards.htm --> ScriptureCreations.com /www/scripturecreations.com OrderEternalRewards.htm
110.02.19 19:59 B H:\Website\OrderEvidForJoseph.htm --> ScriptureCreations.com /www/scripturecreations.com OrderEvidForJoseph.htm
110.02.19 19:59 B H:\Website\OrderFishing.htm --> ScriptureCreations.com /www/scripturecreations.com OrderFishing.htm
110.02.19 19:59 B H:\Website\OrderFrugal.htm --> ScriptureCreations.com /www/scripturecreations.com OrderFrugal.htm
110.02.19 19:59 B H:\Website\OrderGenealogy.htm --> ScriptureCreations.com /www/scripturecreations.com OrderGenealogy.htm
110.02.19 19:59 B H:\Website\OrderHoldUpLightPrint.htm --> ScriptureCreations.com /www/scripturecreations.com OrderHoldUpLightPrint.htm
110.02.19 19:59 B H:\Website\OrderIntroToMormonism.htm --> ScriptureCreations.com /www/scripturecreations.com OrderIntroToMormonism.htm
110.02.19 20:03 B H:\Website\OrderLostTribes.htm --> ScriptureCreations.com /www/scripturecreations.com OrderLostTribes.htm
110.02.19 20:03 B H:\Website\OrderLostTribes.htm --> ScriptureCreations.com /www/scripturecreations.com OrderLostTribes.htm
110.02.19 20:03 B H:\Website\OrderLostTribes.htm --> ScriptureCreations.com /www/scripturecreations.com OrderLostTribes.htm
110.02.19 20:04 B H:\Website\OrderLostTribes.htm --> ScriptureCreations.com /www/scripturecreations.com OrderLostTribes.htm
110.02.19 20:04 B H:\Website\OrderLostTribes.htm --> ScriptureCreations.com /www/scripturecreations.com OrderLostTribes.htm
110.02.19 20:04 B H:\Website\OrderLostTribes.htm --> ScriptureCreations.com /www/scripturecreations.com OrderLostTribes.htm
110.02.19 20:05 B H:\Website\OrderLostTribes.htm --> ScriptureCreations.com /www/scripturecreations.com OrderLostTribes.htm
110.02.19 20:05 B H:\Website\OrderLostTribes.htm --> ScriptureCreations.com /www/scripturecreations.com OrderLostTribes.htm
110.02.19 20:05 B H:\Website\OrderLostTribes.htm --> ScriptureCreations.com /www/scripturecreations.com OrderLostTribes.htm
110.02.19 20:05 B H:\Website\OrderLostTribes.htm --> ScriptureCreations.com /www/scripturecreations.com OrderLostTribes.htm
110.02.19 20:05 B H:\Website\OrderLostTribes.htm --> ScriptureCreations.com /www/scripturecreations.com OrderLostTribes.htm
110.02.19 20:06 B H:\Website\OrderLostTribes.htm --> ScriptureCreations.com /www/scripturecreations.com OrderLostTribes.htm
110.02.19 20:06 B H:\Website\OrderMarriagePamplet.htm --> ScriptureCreations.com /www/scripturecreations.com OrderMarriagePamplet.htm
110.02.19 20:06 B H:\Website\OrderMasterOfUniv.htm --> ScriptureCreations.com /www/scripturecreations.com OrderMasterOfUniv.htm
110.02.19 20:06 B H:\Website\OrderMissionaryPrep.htm --> ScriptureCreations.com /www/scripturecreations.com OrderMissionaryPrep.htm
110.02.19 20:06 B H:\Website\OrderNTEvents.htm --> ScriptureCreations.com /www/scripturecreations.com OrderNTEvents.htm
110.02.19 20:06 B H:\Website\OrderNTMap.htm --> ScriptureCreations.com /www/scripturecreations.com OrderNTMap.htm
110.02.19 20:06 B H:\Website\OrderNTMiracles.htm --> ScriptureCreations.com /www/scripturecreations.com OrderNTMiracles.htm
110.02.19 20:06 B H:\Website\OrderOTChronology.htm --> ScriptureCreations.com /www/scripturecreations.com OrderOTChronology.htm
110.02.19 20:06 B H:\Website\OrderOTEvents.htm --> ScriptureCreations.com /www/scripturecreations.com OrderOTEvents.htm
110.02.19 20:06 B H:\Website\OrderOTMiracles.htm --> ScriptureCreations.com /www/scripturecreations.com OrderOTMiracles.htm
110.02.19 20:06 B H:\Website\OrderOTProphecies.htm --> ScriptureCreations.com /www/scripturecreations.com OrderOTProphecies.htm
110.02.19 20:07 B H:\Website\OrderParables.htm --> ScriptureCreations.com /www/scripturecreations.com OrderParables.htm
110.02.19 20:07 B H:\Website\OrderPlacemat.htm --> ScriptureCreations.com /www/scripturecreations.com OrderPlacemat.htm
110.02.19 20:07 B H:\Website\OrderPlanOfSalvation.htm --> ScriptureCreations.com /www/scripturecreations.com OrderPlanOfSalvation.htm
110.02.19 20:07 B H:\Website\OrderPoints.htm --> ScriptureCreations.com /www/scripturecreations.com OrderPoints.htm
110.02.19 20:07 B H:\Website\OrderPriceOfSin.htm --> ScriptureCreations.com /www/scripturecreations.com OrderPriceOfSin.htm
110.02.19 20:07 B H:\Website\OrderPridePrint.htm --> ScriptureCreations.com /www/scripturecreations.com OrderPridePrint.htm
110.02.19 20:07 B H:\Website\OrderPriesthood.htm --> ScriptureCreations.com /www/scripturecreations.com OrderPriesthood.htm
110.02.19 20:07 B H:\Website\OrderProduct.htm --> ScriptureCreations.com /www/scripturecreations.com OrderProduct.htm
110.02.19 20:07 B H:\Website\OrderRevCondensed.htm --> ScriptureCreations.com /www/scripturecreations.com OrderRevCondensed.htm
110.02.19 20:07 B H:\Website\OrderSigns.htm --> ScriptureCreations.com /www/scripturecreations.com OrderSigns.htm
110.02.19 20:07 B H:\Website\OrderStriplingCertif.htm --> ScriptureCreations.com /www/scripturecreations.com OrderStriplingCertif.htm
110.02.19 20:07 B H:\Website\OrderStudyPack.htm --> ScriptureCreations.com /www/scripturecreations.com OrderStudyPack.htm
110.02.19 20:07 B H:\Website\ProductFrameSet.htm --> ScriptureCreations.com /www/scripturecreations.com ProductFrameSet.htm
110.02.19 20:07 B H:\Website\ProductFrameSet.html --> ScriptureCreations.com /www/scripturecreations.com ProductFrameSet.html
110.02.19 20:07 B H:\Website\ProductList.htm --> ScriptureCreations.com /www/scripturecreations.com ProductList.htm
110.02.19 20:07 B H:\Website\Signs.htm --> ScriptureCreations.com /www/scripturecreations.com Signs.htm
110.02.19 20:49 B H:\Website\OrderIntroToMormonism.htm --> ScriptureCreations.com /www/scripturecreations.com OrderIntroToMormonism.htm
110.02.19 21:08 B H:\Website\EvidencesforJosephSmith.htm --> ScriptureCreations.com /www/scripturecreations.com EvidencesforJosephSmith.htm
110.02.19 21:08 B H:\Website\Mission.htm --> ScriptureCreations.com /www/scripturecreations.com Mission.htm
110.02.19 21:08 B H:\Website\Signs.htm --> ScriptureCreations.com /www/scripturecreations.com Signs.htm
110.02.19 21:08 B H:\Website\contact.htm <-- ScriptureCreations /www/scripturecreations.com contact.htm
110.02.19 21:57 B H:\Website\BookOfMormonGeographyMap.htm <-- ScriptureCreations /www/scripturecreations.com BookOfMormonGeographyMap.htm
110.02.19 21:57 B H:\Website\contact.htm <-- ScriptureCreations /www/scripturecreations.com contact.htm
110.02.19 21:57 B H:\Website\EvidencesforJosephSmith.htm <-- ScriptureCreations /www/scripturecreations.com EvidencesforJosephSmith.htm
110.02.19 21:57 B H:\Website\EvidencesfortheBookofMormon.htm <-- ScriptureCreations /www/scripturecreations.com EvidencesfortheBookofMormon.htm
110.02.19 21:57 B H:\Website\HeaderInfo.htm <-- ScriptureCreations /www/scripturecreations.com HeaderInfo.htm
110.02.19 21:57 B H:\Website\index.htm <-- ScriptureCreations /www/scripturecreations.com index.htm
110.02.19 21:57 B H:\Website\Jon.htm <-- ScriptureCreations /www/scripturecreations.com Jon.htm
110.02.19 21:57 B H:\Website\Mission.htm <-- ScriptureCreations /www/scripturecreations.com Mission.htm
110.02.19 21:57 B H:\Website\Order800Signs.htm <-- ScriptureCreations /www/scripturecreations.com Order800Signs.htm
110.02.19 21:57 B H:\Website\OrderAofF.htm <-- ScriptureCreations /www/scripturecreations.com OrderAofF.htm
110.02.19 21:57 B H:\Website\OrderBofMChronology.htm <-- ScriptureCreations /www/scripturecreations.com OrderBofMChronology.htm
110.02.19 21:57 B H:\Website\OrderBofMEvidences.htm <-- ScriptureCreations /www/scripturecreations.com OrderBofMEvidences.htm
110.02.19 21:57 B H:\Website\OrderCHMap.htm <-- ScriptureCreations /www/scripturecreations.com OrderCHMap.htm
110.02.19 21:57 B H:\Website\OrderChristianCertif.htm <-- ScriptureCreations /www/scripturecreations.com OrderChristianCertif.htm
110.02.19 21:57 B H:\Website\OrderCommissioned.htm <-- ScriptureCreations /www/scripturecreations.com OrderCommissioned.htm
110.02.19 21:57 B H:\Website\OrderConcentrate.htm <-- ScriptureCreations /www/scripturecreations.com OrderConcentrate.htm
110.02.19 21:57 B H:\Website\OrderDandCReference.htm <-- ScriptureCreations /www/scripturecreations.com OrderDandCReference.htm
110.02.19 21:57 B H:\Website\OrderDaniel.htm <-- ScriptureCreations /www/scripturecreations.com OrderDaniel.htm
110.02.19 21:57 B H:\Website\OrderEternalRewards.htm <-- ScriptureCreations /www/scripturecreations.com OrderEternalRewards.htm
110.02.19 21:57 B H:\Website\OrderEvidForJoseph.htm <-- ScriptureCreations /www/scripturecreations.com OrderEvidForJoseph.htm
110.02.19 21:57 B H:\Website\OrderFishing.htm <-- ScriptureCreations /www/scripturecreations.com OrderFishing.htm
110.02.19 21:57 B H:\Website\OrderFrugal.htm <-- ScriptureCreations /www/scripturecreations.com OrderFrugal.htm
110.02.19 21:57 B H:\Website\OrderGenealogy.htm <-- ScriptureCreations /www/scripturecreations.com OrderGenealogy.htm
110.02.19 21:57 B H:\Website\OrderHoldUpLightPrint.htm <-- ScriptureCreations /www/scripturecreations.com OrderHoldUpLightPrint.htm
110.02.19 21:57 B H:\Website\OrderIntroToMormonism.htm <-- ScriptureCreations /www/scripturecreations.com OrderIntroToMormonism.htm
110.02.19 21:57 B H:\Website\OrderLostTribes.htm <-- ScriptureCreations /www/scripturecreations.com OrderLostTribes.htm
110.02.19 21:57 B H:\Website\OrderMarriagePamplet.htm <-- ScriptureCreations /www/scripturecreations.com OrderMarriagePamplet.htm
110.02.19 21:57 B H:\Website\OrderMasterOfUniv.htm <-- ScriptureCreations /www/scripturecreations.com OrderMasterOfUniv.htm
110.02.19 21:57 B H:\Website\OrderMissionaryPrep.htm <-- ScriptureCreations /www/scripturecreations.com OrderMissionaryPrep.htm
110.02.19 21:57 B H:\Website\OrderNTEvents.htm <-- ScriptureCreations /www/scripturecreations.com OrderNTEvents.htm
110.02.19 21:57 B H:\Website\OrderNTMap.htm <-- ScriptureCreations /www/scripturecreations.com OrderNTMap.htm
110.02.19 21:57 B H:\Website\OrderNTMiracles.htm <-- ScriptureCreations /www/scripturecreations.com OrderNTMiracles.htm
110.02.19 21:57 B H:\Website\OrderOTChronology.htm <-- ScriptureCreations /www/scripturecreations.com OrderOTChronology.htm
110.02.19 21:57 B H:\Website\OrderOTEvents.htm <-- ScriptureCreations /www/scripturecreations.com OrderOTEvents.htm
110.02.19 21:57 B H:\Website\OrderOTMiracles.htm <-- ScriptureCreations /www/scripturecreations.com OrderOTMiracles.htm
110.02.19 21:57 B H:\Website\OrderOTProphecies.htm <-- ScriptureCreations /www/scripturecreations.com OrderOTProphecies.htm
110.02.19 21:57 B H:\Website\OrderParables.htm <-- ScriptureCreations /www/scripturecreations.com OrderParables.htm
110.02.19 21:57 B H:\Website\OrderPlacemat.htm <-- ScriptureCreations /www/scripturecreations.com OrderPlacemat.htm
110.02.19 21:57 B H:\Website\OrderPlanOfSalvation.htm <-- ScriptureCreations /www/scripturecreations.com OrderPlanOfSalvation.htm
110.02.19 21:57 B H:\Website\OrderPoints.htm <-- ScriptureCreations /www/scripturecreations.com OrderPoints.htm
110.02.19 21:57 B H:\Website\OrderPriceOfSin.htm <-- ScriptureCreations /www/scripturecreations.com OrderPriceOfSin.htm
110.02.19 21:57 B H:\Website\OrderPridePrint.htm <-- ScriptureCreations /www/scripturecreations.com OrderPridePrint.htm
110.02.19 21:57 B H:\Website\OrderPriesthood.htm <-- ScriptureCreations /www/scripturecreations.com OrderPriesthood.htm
110.02.19 21:57 B H:\Website\OrderProduct.htm <-- ScriptureCreations /www/scripturecreations.com OrderProduct.htm
110.02.19 21:57 B H:\Website\OrderRevCondensed.htm <-- ScriptureCreations /www/scripturecreations.com OrderRevCondensed.htm
110.02.19 21:57 B H:\Website\OrderSigns.htm <-- ScriptureCreations /www/scripturecreations.com OrderSigns.htm
110.02.19 21:57 B H:\Website\OrderStriplingCertif.htm <-- ScriptureCreations /www/scripturecreations.com OrderStriplingCertif.htm
110.02.19 21:57 B H:\Website\OrderStudyPack.htm <-- ScriptureCreations /www/scripturecreations.com OrderStudyPack.htm
110.02.19 21:57 B H:\Website\ProductFrameSet.htm <-- ScriptureCreations /www/scripturecreations.com ProductFrameSet.htm
110.02.19 21:57 B H:\Website\ProductFrameSet.html <-- ScriptureCreations /www/scripturecreations.com ProductFrameSet.html
110.02.19 21:57 B H:\Website\ProductList.htm <-- ScriptureCreations /www/scripturecreations.com ProductList.htm
110.02.19 21:57 B H:\Website\Signs.htm <-- ScriptureCreations /www/scripturecreations.com Signs.htm
110.02.19 21:57 B H:\Website\ThankYou.htm --> ScriptureCreations.com /www/scripturecreations.com ThankYou.htm
