100.12.28 12:51 B c:\Scripture Creations\Marketing\WebSite\images\BoxArticles.jpg --> lindon.org /images BoxArticles.jpg
100.12.28 12:51 B c:\Scripture Creations\Marketing\WebSite\images\BoxBishopRick.jpg --> lindon.org /images BoxBishopRick.jpg
100.12.28 12:51 B c:\Scripture Creations\Marketing\WebSite\images\BoxFishing.jpg --> lindon.org /images BoxFishing.jpg
100.12.28 12:52 B c:\Scripture Creations\Marketing\WebSite\images\BoxProphets.jpg --> lindon.org /images BoxProphets.jpg
100.12.28 12:52 B c:\Scripture Creations\Marketing\WebSite\images\concentratebox.jpg --> lindon.org /images concentratebox.jpg
100.12.28 12:52 B c:\Scripture Creations\Marketing\WebSite\images\frugalfamily.jpg --> lindon.org /images frugalfamily.jpg
100.12.28 12:52 B c:\Scripture Creations\Marketing\WebSite\images\map.jpg --> lindon.org /images map.jpg
100.12.28 13:08 B c:\Scripture Creations\Marketing\WebSite\images\LogoNew.jpg --> lindon.org /images LogoNew.jpg
100.12.28 13:14 B c:\Scripture Creations\Marketing\WebSite\images\FrugalFamily.jpg --> lindon.org /images FrugalFamily.jpg
101.09.04 07:36 B c:\scripture creations\marketing\website\images\Cards.jpg --> lindon.org /images Cards.jpg
101.09.04 07:36 B c:\scripture creations\marketing\website\images\Collating.jpg --> lindon.org /images Collating.jpg
101.09.04 12:18 B c:\scripture creations\marketing\website\images\cards.jpg --> lindon.org /images cards.jpg
101.09.04 12:18 B c:\scripture creations\marketing\website\images\collating.jpg --> lindon.org /images collating.jpg
101.11.29 10:52 B C:\Scripture Creations\Marketing\WebSite\images\Products.GIF --> lindon.org / Products.GIF
101.11.29 10:53 B C:\Scripture Creations\Marketing\WebSite\images\Products.GIF --> lindon.org /images Products.GIF
102.01.28 10:29 B C:\Scripture Creations\Marketing\WebSite\images\ordermaps.htm --> lindon.org / ordermaps.htm
102.01.28 10:29 B C:\Scripture Creations\Marketing\WebSite\images\BookmarkMapColors.jpg --> lindon.org / BookmarkMapColors.jpg
102.01.28 10:30 B C:\Scripture Creations\Marketing\WebSite\images\b-distribution.gif --> lindon.org /images b-distribution.gif
102.01.28 10:30 B C:\Scripture Creations\Marketing\WebSite\images\b-employment.gif --> lindon.org /images b-employment.gif
102.01.28 10:30 B C:\Scripture Creations\Marketing\WebSite\images\b-ideas.gif --> lindon.org /images b-ideas.gif
102.01.28 10:30 B C:\Scripture Creations\Marketing\WebSite\images\b-links.gif --> lindon.org /images b-links.gif
102.01.28 10:30 B C:\Scripture Creations\Marketing\WebSite\images\b-order.gif --> lindon.org /images b-order.gif
102.01.28 10:30 B C:\Scripture Creations\Marketing\WebSite\images\b-overview.gif --> lindon.org /images b-overview.gif
102.01.28 10:30 B C:\Scripture Creations\Marketing\WebSite\images\b-products.gif --> lindon.org /images b-products.gif
102.01.28 10:30 B C:\Scripture Creations\Marketing\WebSite\images\b-register.gif --> lindon.org /images b-register.gif
102.01.28 10:30 B C:\Scripture Creations\Marketing\WebSite\images\BookmarkMapColors.jpg --> lindon.org /images BookmarkMapColors.jpg
102.01.28 10:30 B C:\Scripture Creations\Marketing\WebSite\images\BoxArticles.jpg --> lindon.org /images BoxArticles.jpg
102.01.28 10:31 B C:\Scripture Creations\Marketing\WebSite\images\BoxBishopRick.jpg --> lindon.org /images BoxBishopRick.jpg
102.01.28 10:31 B C:\Scripture Creations\Marketing\WebSite\images\BoxFishing.jpg --> lindon.org /images BoxFishing.jpg
102.01.28 10:31 B C:\Scripture Creations\Marketing\WebSite\images\BoxProphets.jpg --> lindon.org /images BoxProphets.jpg
102.01.28 10:31 B C:\Scripture Creations\Marketing\WebSite\images\cards.jpg --> lindon.org /images cards.jpg
102.01.28 10:32 B C:\Scripture Creations\Marketing\WebSite\images\Certif.jpg --> lindon.org /images Certif.jpg
102.01.28 10:32 B C:\Scripture Creations\Marketing\WebSite\images\collating.jpg --> lindon.org /images collating.jpg
102.01.28 10:32 B C:\Scripture Creations\Marketing\WebSite\images\concentratebox.jpg --> lindon.org /images concentratebox.jpg
102.01.28 10:32 B C:\Scripture Creations\Marketing\WebSite\images\darren.jpg --> lindon.org /images darren.jpg
102.01.28 10:32 B C:\Scripture Creations\Marketing\WebSite\images\DisplayBox.jpg --> lindon.org /images DisplayBox.jpg
102.01.28 10:32 B C:\Scripture Creations\Marketing\WebSite\images\DisplayBoxSmall.jpg --> lindon.org /images DisplayBoxSmall.jpg
102.01.28 10:33 B C:\Scripture Creations\Marketing\WebSite\images\FrugalFamily.jpg --> lindon.org /images FrugalFamily.jpg
102.01.28 10:33 B C:\Scripture Creations\Marketing\WebSite\images\lace.gif --> lindon.org /images lace.gif
102.01.28 10:33 B C:\Scripture Creations\Marketing\WebSite\images\logolong.gif --> lindon.org /images logolong.gif
102.01.28 10:33 B C:\Scripture Creations\Marketing\WebSite\images\LogoNew.jpg --> lindon.org /images LogoNew.jpg
102.01.28 10:33 B C:\Scripture Creations\Marketing\WebSite\images\map.jpg --> lindon.org /images map.jpg
102.01.28 10:33 B C:\Scripture Creations\Marketing\WebSite\images\OTBookmark.jpg --> lindon.org /images OTBookmark.jpg
102.01.28 10:34 B C:\Scripture Creations\Marketing\WebSite\images\Products.gif --> lindon.org /images Products.gif
102.01.28 10:38 B C:\Scripture Creations\Marketing\WebSite\images\Products.psd --> lindon.org /images Products.psd
102.01.28 10:39 B C:\Scripture Creations\Marketing\WebSite\images\ProductsDark.GIF --> lindon.org /images ProductsDark.GIF
102.01.28 10:44 B C:\Scripture Creations\Marketing\WebSite\images\ProductsDark.psd --> lindon.org /images ProductsDark.psd
102.01.28 10:44 B C:\Scripture Creations\Marketing\WebSite\images\reed&eve.jpg --> lindon.org /images reed&eve.jpg
102.01.28 10:45 B C:\Scripture Creations\Marketing\WebSite\images\SWCertificate.jpg --> lindon.org /images SWCertificate.jpg
102.01.28 10:45 B C:\Scripture Creations\Marketing\WebSite\images\WS_FTP.LOG --> lindon.org /images WS_FTP.LOG
102.02.11 17:42 B C:\Scripture Creations\Marketing\WebSite\images\BofMBookmark.jpg --> lindon.org /images BofMBookmark.jpg
102.02.11 17:43 B C:\Scripture Creations\Marketing\WebSite\images\BookmarkMapColors.jpg --> lindon.org /images BookmarkMapColors.jpg
102.02.11 17:43 B C:\Scripture Creations\Marketing\WebSite\images\Certif.jpg --> lindon.org /images Certif.jpg
102.02.11 17:43 B C:\Scripture Creations\Marketing\WebSite\images\CertifMat.jpg --> lindon.org /images CertifMat.jpg
102.02.11 17:44 B C:\Scripture Creations\Marketing\WebSite\images\OTBookmark.jpg --> lindon.org /images OTBookmark.jpg
102.02.11 17:44 B C:\Scripture Creations\Marketing\WebSite\images\SWCertificate.jpg --> lindon.org /images SWCertificate.jpg
103.01.27 19:42 B C:\Scripture Creations\Marketing\WebSite\images\PlanOfSalvation.jpg --> lindon.org /images PlanOfSalvation.jpg
103.01.27 19:42 B C:\Scripture Creations\Marketing\WebSite\images\SignsOfTimes.jpg --> lindon.org /images SignsOfTimes.jpg
103.10.11 12:52 B C:\Scripture Creations\Marketing\WebSite\images\b-distribution.gif --> lindon.org /images b-distribution.gif
103.10.11 12:52 B C:\Scripture Creations\Marketing\WebSite\images\b-employment.gif --> lindon.org /images b-employment.gif
103.10.11 12:52 B C:\Scripture Creations\Marketing\WebSite\images\b-ideas.gif --> lindon.org /images b-ideas.gif
103.10.11 12:52 B C:\Scripture Creations\Marketing\WebSite\images\b-links.gif --> lindon.org /images b-links.gif
103.10.11 12:53 B C:\Scripture Creations\Marketing\WebSite\images\b-order.gif --> lindon.org /images b-order.gif
103.10.11 12:53 B C:\Scripture Creations\Marketing\WebSite\images\b-overview.gif --> lindon.org /images b-overview.gif
103.10.11 12:53 B C:\Scripture Creations\Marketing\WebSite\images\b-products.gif --> lindon.org /images b-products.gif
103.10.11 12:53 B C:\Scripture Creations\Marketing\WebSite\images\b-register.gif --> lindon.org /images b-register.gif
103.10.11 12:53 B C:\Scripture Creations\Marketing\WebSite\images\BofMBookmark.jpg --> lindon.org /images BofMBookmark.jpg
103.10.11 12:53 B C:\Scripture Creations\Marketing\WebSite\images\BookmarkMapColors.jpg --> lindon.org /images BookmarkMapColors.jpg
103.10.11 13:01 B C:\Scripture Creations\Marketing\WebSite\images\ProductsDark.JPG --> lindon.org /images ProductsDark.JPG
103.10.11 13:07 B C:\Scripture Creations\Marketing\WebSite\images\productsdark.jpg --> lindon.org /images productsdark.jpg
103.12.01 16:31 B C:\Scripture Creations\Marketing\WebSite\images\Tahu.JPG --> lindon.org /images Tahu.JPG
103.12.01 16:32 B C:\Scripture Creations\Marketing\WebSite\images\TahuBkgrnd.JPG --> lindon.org /images TahuBkgrnd.JPG
103.12.01 16:32 B C:\Scripture Creations\Marketing\WebSite\images\TahuOrig.JPG --> lindon.org /images TahuOrig.JPG
104.11.05 20:02 B C:\Scripture Creations\Marketing\WebSite\images\RURelatedCDArt.jpg --> lindon.org /www/scripturecreations.com RURelatedCDArt.jpg
104.11.05 20:06 B C:\Scripture Creations\Marketing\WebSite\images\RURelatedCDArt.jpg --> lindon.org /www/scripturecreations.com/images RURelatedCDArt.jpg
104.11.05 20:14 B C:\Scripture Creations\Marketing\WebSite\images\RURelatedCDArt.jpg --> lindon.org /www/scripturecreations.com/images RURelatedCDArt.jpg
105.02.22 22:04 B C:\Scripture Creations\Marketing\WebSite\images\sonic.gif --> lindon.org /www/scripturecreations.com/images sonic.gif
110.02.19 19:43 B H:\Website\images\10Tribes.gif --> ScriptureCreations.com /www/scripturecreations.com/images/images 10Tribes.gif
110.02.19 19:44 B H:\Website\images\800Signs.jpg --> ScriptureCreations.com /www/scripturecreations.com/images/images 800Signs.jpg
110.02.19 19:44 B H:\Website\images\AccountableMarketingSm.jpg --> ScriptureCreations.com /www/scripturecreations.com/images/images AccountableMarketingSm.jpg
110.02.19 19:44 B H:\Website\images\Battles Legend.BMP --> ScriptureCreations.com /www/scripturecreations.com/images/images Battles Legend.BMP
110.02.19 19:44 B H:\Website\images\Battles Legend.jpg --> ScriptureCreations.com /www/scripturecreations.com/images/images Battles Legend.jpg
110.02.19 19:44 B H:\Website\images\BofM Chronology Bookmark.jpg --> ScriptureCreations.com /www/scripturecreations.com/images/images BofM Chronology Bookmark.jpg
110.02.19 19:44 B H:\Website\images\BofM Map Sm.jpg --> ScriptureCreations.com /www/scripturecreations.com/images/images BofM Map Sm.jpg
110.02.19 19:44 B H:\Website\images\BofMBookmark.jpg --> ScriptureCreations.com /www/scripturecreations.com/images/images BofMBookmark.jpg
110.02.19 19:44 B H:\Website\images\BookmarkMapColors.jpg --> ScriptureCreations.com /www/scripturecreations.com/images/images BookmarkMapColors.jpg
110.02.19 19:44 B H:\Website\images\BoxArticles.jpg --> ScriptureCreations.com /www/scripturecreations.com/images/images BoxArticles.jpg
110.02.19 19:44 B H:\Website\images\BoxBishopRick.jpg --> ScriptureCreations.com /www/scripturecreations.com/images/images BoxBishopRick.jpg
110.02.19 19:44 B H:\Website\images\BoxFishing.jpg --> ScriptureCreations.com /www/scripturecreations.com/images/images BoxFishing.jpg
110.02.19 19:44 B H:\Website\images\BoxProphets.jpg --> ScriptureCreations.com /www/scripturecreations.com/images/images BoxProphets.jpg
110.02.19 19:44 B H:\Website\images\Catalog.pdf --> ScriptureCreations.com /www/scripturecreations.com/images/images Catalog.pdf
110.02.19 19:44 B H:\Website\images\CHMap.gif --> ScriptureCreations.com /www/scripturecreations.com/images/images CHMap.gif
110.02.19 19:44 B H:\Website\images\CHMap.jpg --> ScriptureCreations.com /www/scripturecreations.com/images/images CHMap.jpg
110.02.19 19:44 B H:\Website\images\CHMapSmall.jpg --> ScriptureCreations.com /www/scripturecreations.com/images/images CHMapSmall.jpg
110.02.19 19:44 B H:\Website\images\ChristianSoldier.gif --> ScriptureCreations.com /www/scripturecreations.com/images/images ChristianSoldier.gif
110.02.19 19:44 B H:\Website\images\collating.jpg --> ScriptureCreations.com /www/scripturecreations.com/images/images collating.jpg
110.02.19 19:44 B H:\Website\images\Commissioned.gif --> ScriptureCreations.com /www/scripturecreations.com/images/images Commissioned.gif
110.02.19 19:44 B H:\Website\images\Commissioned.jpg --> ScriptureCreations.com /www/scripturecreations.com/images/images Commissioned.jpg
110.02.19 19:44 B H:\Website\images\CommissionedMarketing.jpg --> ScriptureCreations.com /www/scripturecreations.com/images/images CommissionedMarketing.jpg
110.02.19 19:44 B H:\Website\images\concentratebox.jpg --> ScriptureCreations.com /www/scripturecreations.com/images/images concentratebox.jpg
110.02.19 19:44 B H:\Website\images\DandCReference.gif --> ScriptureCreations.com /www/scripturecreations.com/images/images DandCReference.gif
110.02.19 19:44 B H:\Website\images\DandCReference.jpg --> ScriptureCreations.com /www/scripturecreations.com/images/images DandCReference.jpg
110.02.19 19:44 B H:\Website\images\DanielsVision.gif --> ScriptureCreations.com /www/scripturecreations.com/images/images DanielsVision.gif
110.02.19 19:44 B H:\Website\images\DanielsVision.jpg --> ScriptureCreations.com /www/scripturecreations.com/images/images DanielsVision.jpg
110.02.19 19:44 B H:\Website\images\EternalRewards.gif --> ScriptureCreations.com /www/scripturecreations.com/images/images EternalRewards.gif
110.02.19 19:44 B H:\Website\images\EternalRewards.jpg --> ScriptureCreations.com /www/scripturecreations.com/images/images EternalRewards.jpg
110.02.19 19:44 B H:\Website\images\EvidencesForBofM.gif --> ScriptureCreations.com /www/scripturecreations.com/images/images EvidencesForBofM.gif
110.02.19 19:44 B H:\Website\images\EvidencesForBofM.jpg --> ScriptureCreations.com /www/scripturecreations.com/images/images EvidencesForBofM.jpg
110.02.19 19:44 B H:\Website\images\EvidencesForBofMMarketingSmall.BMP --> ScriptureCreations.com /www/scripturecreations.com/images/images EvidencesForBofMMarketingSmall.BMP
110.02.19 19:44 B H:\Website\images\FishingBox.jpg --> ScriptureCreations.com /www/scripturecreations.com/images/images FishingBox.jpg
110.02.19 19:44 B H:\Website\images\FrugalFamily.jpg --> ScriptureCreations.com /www/scripturecreations.com/images/images FrugalFamily.jpg
110.02.19 19:44 B H:\Website\images\GenealogyOf12Tribes.BMP --> ScriptureCreations.com /www/scripturecreations.com/images/images GenealogyOf12Tribes.BMP
110.02.19 19:44 B H:\Website\images\HoldupLight.jpg --> ScriptureCreations.com /www/scripturecreations.com/images/images HoldupLight.jpg
110.02.19 19:44 B H:\Website\images\JSEvidences.gif --> ScriptureCreations.com /www/scripturecreations.com/images/images JSEvidences.gif
110.02.19 19:44 B H:\Website\images\JSEvidences.jpg --> ScriptureCreations.com /www/scripturecreations.com/images/images JSEvidences.jpg
110.02.19 19:44 B H:\Website\images\JSEvidencesMarketingSm.BMP --> ScriptureCreations.com /www/scripturecreations.com/images/images JSEvidencesMarketingSm.BMP
110.02.19 19:44 B H:\Website\images\JSEvidencesMarketingSm.jpg --> ScriptureCreations.com /www/scripturecreations.com/images/images JSEvidencesMarketingSm.jpg
110.02.19 19:44 B H:\Website\images\logolong.gif --> ScriptureCreations.com /www/scripturecreations.com/images/images logolong.gif
110.02.19 19:44 B H:\Website\images\LogoNew.jpg --> ScriptureCreations.com /www/scripturecreations.com/images/images LogoNew.jpg
110.02.19 19:44 B H:\Website\images\LogoWeb.gif --> ScriptureCreations.com /www/scripturecreations.com/images/images LogoWeb.gif
110.02.19 19:44 B H:\Website\images\LogoWeb.jpg --> ScriptureCreations.com /www/scripturecreations.com/images/images LogoWeb.jpg
110.02.19 19:44 B H:\Website\images\Map Legend.BMP --> ScriptureCreations.com /www/scripturecreations.com/images/images Map Legend.BMP
110.02.19 19:44 B H:\Website\images\Map Legend.jpg --> ScriptureCreations.com /www/scripturecreations.com/images/images Map Legend.jpg
110.02.19 19:44 B H:\Website\images\map.jpg --> ScriptureCreations.com /www/scripturecreations.com/images/images map.jpg
110.02.19 19:44 B H:\Website\images\MarriagePamplet.gif --> ScriptureCreations.com /www/scripturecreations.com/images/images MarriagePamplet.gif
110.02.19 19:44 B H:\Website\images\Master of the Univ Marketing Lg.jpg --> ScriptureCreations.com /www/scripturecreations.com/images/images Master of the Univ Marketing Lg.jpg
110.02.19 19:44 B H:\Website\images\Master of the Univ Marketing Sm.jpg --> ScriptureCreations.com /www/scripturecreations.com/images/images Master of the Univ Marketing Sm.jpg
110.02.19 19:44 B H:\Website\images\MasterOfTheUniverse.gif --> ScriptureCreations.com /www/scripturecreations.com/images/images MasterOfTheUniverse.gif
110.02.19 19:44 B H:\Website\images\MasterOfTheUniverse.jpg --> ScriptureCreations.com /www/scripturecreations.com/images/images MasterOfTheUniverse.jpg
110.02.19 19:44 B H:\Website\images\Missionary Legend.BMP --> ScriptureCreations.com /www/scripturecreations.com/images/images Missionary Legend.BMP
110.02.19 19:44 B H:\Website\images\Missionary Legend.jpg --> ScriptureCreations.com /www/scripturecreations.com/images/images Missionary Legend.jpg
110.02.19 19:44 B H:\Website\images\MissionaryPrep.gif --> ScriptureCreations.com /www/scripturecreations.com/images/images MissionaryPrep.gif
110.02.19 19:44 B H:\Website\images\MissionaryPrep.jpg --> ScriptureCreations.com /www/scripturecreations.com/images/images MissionaryPrep.jpg
110.02.19 19:44 B H:\Website\images\Mormonism.gif --> ScriptureCreations.com /www/scripturecreations.com/images/images Mormonism.gif
110.02.19 19:44 B H:\Website\images\MormonismMarketing.jpg --> ScriptureCreations.com /www/scripturecreations.com/images/images MormonismMarketing.jpg
110.02.19 19:44 B H:\Website\images\MormonismMarketingSm.jpg --> ScriptureCreations.com /www/scripturecreations.com/images/images MormonismMarketingSm.jpg
110.02.19 19:44 B H:\Website\images\Next.gif --> ScriptureCreations.com /www/scripturecreations.com/images/images Next.gif
110.02.19 19:44 B H:\Website\images\Next.jpg --> ScriptureCreations.com /www/scripturecreations.com/images/images Next.jpg
110.02.19 19:44 B H:\Website\images\NTEvents.gif --> ScriptureCreations.com /www/scripturecreations.com/images/images NTEvents.gif
110.02.19 19:44 B H:\Website\images\NTEvents.jpg --> ScriptureCreations.com /www/scripturecreations.com/images/images NTEvents.jpg
110.02.19 19:44 B H:\Website\images\NTMap.jpg --> ScriptureCreations.com /www/scripturecreations.com/images/images NTMap.jpg
110.02.19 19:44 B H:\Website\images\NTMapSm.gif --> ScriptureCreations.com /www/scripturecreations.com/images/images NTMapSm.gif
110.02.19 19:44 B H:\Website\images\NTMapSm.jpg --> ScriptureCreations.com /www/scripturecreations.com/images/images NTMapSm.jpg
110.02.19 19:44 B H:\Website\images\NTMiracles.BMP --> ScriptureCreations.com /www/scripturecreations.com/images/images NTMiracles.BMP
110.02.19 19:44 B H:\Website\images\NTMiracles.jpg --> ScriptureCreations.com /www/scripturecreations.com/images/images NTMiracles.jpg
110.02.19 19:44 B H:\Website\images\OTChronology.jpg --> ScriptureCreations.com /www/scripturecreations.com/images/images OTChronology.jpg
110.02.19 19:44 B H:\Website\images\OTEvents.gif --> ScriptureCreations.com /www/scripturecreations.com/images/images OTEvents.gif
110.02.19 19:44 B H:\Website\images\OTEvents.jpg --> ScriptureCreations.com /www/scripturecreations.com/images/images OTEvents.jpg
110.02.19 19:44 B H:\Website\images\OTMiracles.BMP --> ScriptureCreations.com /www/scripturecreations.com/images/images OTMiracles.BMP
110.02.19 19:44 B H:\Website\images\OTMiracles.jpg --> ScriptureCreations.com /www/scripturecreations.com/images/images OTMiracles.jpg
110.02.19 19:44 B H:\Website\images\ParablesSm.BMP --> ScriptureCreations.com /www/scripturecreations.com/images/images ParablesSm.BMP
110.02.19 19:44 B H:\Website\images\ParablesSm.jpg --> ScriptureCreations.com /www/scripturecreations.com/images/images ParablesSm.jpg
110.02.19 19:44 B H:\Website\images\ParablesSmNew.jpg --> ScriptureCreations.com /www/scripturecreations.com/images/images ParablesSmNew.jpg
110.02.19 19:44 B H:\Website\images\PlaceMatBofM.gif --> ScriptureCreations.com /www/scripturecreations.com/images/images PlaceMatBofM.gif
110.02.19 19:44 B H:\Website\images\PlaceMatBofM.jpg --> ScriptureCreations.com /www/scripturecreations.com/images/images PlaceMatBofM.jpg
110.02.19 19:44 B H:\Website\images\PlaceMatJS.gif --> ScriptureCreations.com /www/scripturecreations.com/images/images PlaceMatJS.gif
110.02.19 19:44 B H:\Website\images\PlaceMatJS.jpg --> ScriptureCreations.com /www/scripturecreations.com/images/images PlaceMatJS.jpg
110.02.19 19:44 B H:\Website\images\PlanOfSalvation.jpg --> ScriptureCreations.com /www/scripturecreations.com/images/images PlanOfSalvation.jpg
110.02.19 19:44 B H:\Website\images\PlanOfSalvationSm.jpg --> ScriptureCreations.com /www/scripturecreations.com/images/images PlanOfSalvationSm.jpg
110.02.19 19:44 B H:\Website\images\PointsOfChristsChurch.BMP --> ScriptureCreations.com /www/scripturecreations.com/images/images PointsOfChristsChurch.BMP
110.02.19 19:44 B H:\Website\images\PointsOfChristsChurch.jpg --> ScriptureCreations.com /www/scripturecreations.com/images/images PointsOfChristsChurch.jpg
110.02.19 19:44 B H:\Website\images\Previous.gif --> ScriptureCreations.com /www/scripturecreations.com/images/images Previous.gif
110.02.19 19:44 B H:\Website\images\Previous.jpg --> ScriptureCreations.com /www/scripturecreations.com/images/images Previous.jpg
110.02.19 19:44 B H:\Website\images\PriceOfSin.gif --> ScriptureCreations.com /www/scripturecreations.com/images/images PriceOfSin.gif
110.02.19 19:44 B H:\Website\images\PriceOfSin.jpg --> ScriptureCreations.com /www/scripturecreations.com/images/images PriceOfSin.jpg
110.02.19 19:44 B H:\Website\images\PridePrint.jpg --> ScriptureCreations.com /www/scripturecreations.com/images/images PridePrint.jpg
110.02.19 19:44 B H:\Website\images\Priesthood.gif --> ScriptureCreations.com /www/scripturecreations.com/images/images Priesthood.gif
110.02.19 19:44 B H:\Website\images\Products.gif --> ScriptureCreations.com /www/scripturecreations.com/images/images Products.gif
110.02.19 19:44 B H:\Website\images\Products.psd --> ScriptureCreations.com /www/scripturecreations.com/images/images Products.psd
110.02.19 19:45 B H:\Website\images\ProductsDark.psd --> ScriptureCreations.com /www/scripturecreations.com/images/images ProductsDark.psd
110.02.19 19:45 B H:\Website\images\ProductsFeb10.jpg --> ScriptureCreations.com /www/scripturecreations.com/images/images ProductsFeb10.jpg
110.02.19 19:45 B H:\Website\images\ProductsNov08.jpg --> ScriptureCreations.com /www/scripturecreations.com/images/images ProductsNov08.jpg
110.02.19 19:45 B H:\Website\images\ProductsNov08.psd --> ScriptureCreations.com /www/scripturecreations.com/images/images ProductsNov08.psd
110.02.19 19:45 B H:\Website\images\ProductsNov08Large.jpg --> ScriptureCreations.com /www/scripturecreations.com/images/images ProductsNov08Large.jpg
110.02.19 19:45 B H:\Website\images\productssep07.jpg --> ScriptureCreations.com /www/scripturecreations.com/images/images productssep07.jpg
110.02.19 19:45 B H:\Website\images\ProductsSep07.psd --> ScriptureCreations.com /www/scripturecreations.com/images/images ProductsSep07.psd
110.02.19 19:50 B H:\Website\images\10Tribes.gif --> ScriptureCreations.com /www/scripturecreations.com/images 10Tribes.gif
110.02.19 19:50 B H:\Website\images\800Signs.jpg --> ScriptureCreations.com /www/scripturecreations.com/images 800Signs.jpg
110.02.19 19:50 B H:\Website\images\AccountableMarketingSm.jpg --> ScriptureCreations.com /www/scripturecreations.com/images AccountableMarketingSm.jpg
110.02.19 19:50 B H:\Website\images\Battles Legend.BMP --> ScriptureCreations.com /www/scripturecreations.com/images Battles Legend.BMP
110.02.19 19:50 B H:\Website\images\Battles Legend.jpg --> ScriptureCreations.com /www/scripturecreations.com/images Battles Legend.jpg
110.02.19 19:50 B H:\Website\images\BofM Chronology Bookmark.jpg --> ScriptureCreations.com /www/scripturecreations.com/images BofM Chronology Bookmark.jpg
110.02.19 19:50 B H:\Website\images\BofM Map Sm.jpg --> ScriptureCreations.com /www/scripturecreations.com/images BofM Map Sm.jpg
110.02.19 19:50 B H:\Website\images\BofMBookmark.jpg --> ScriptureCreations.com /www/scripturecreations.com/images BofMBookmark.jpg
110.02.19 19:50 B H:\Website\images\BookmarkMapColors.jpg --> ScriptureCreations.com /www/scripturecreations.com/images BookmarkMapColors.jpg
110.02.19 19:50 B H:\Website\images\BoxArticles.jpg --> ScriptureCreations.com /www/scripturecreations.com/images BoxArticles.jpg
110.02.19 19:50 B H:\Website\images\BoxBishopRick.jpg --> ScriptureCreations.com /www/scripturecreations.com/images BoxBishopRick.jpg
110.02.19 19:50 B H:\Website\images\BoxFishing.jpg --> ScriptureCreations.com /www/scripturecreations.com/images BoxFishing.jpg
110.02.19 19:50 B H:\Website\images\BoxProphets.jpg --> ScriptureCreations.com /www/scripturecreations.com/images BoxProphets.jpg
110.02.19 19:50 B H:\Website\images\Catalog.pdf --> ScriptureCreations.com /www/scripturecreations.com/images Catalog.pdf
110.02.19 19:50 B H:\Website\images\CHMap.gif --> ScriptureCreations.com /www/scripturecreations.com/images CHMap.gif
110.02.19 19:50 B H:\Website\images\CHMap.jpg --> ScriptureCreations.com /www/scripturecreations.com/images CHMap.jpg
110.02.19 19:50 B H:\Website\images\CHMapSmall.jpg --> ScriptureCreations.com /www/scripturecreations.com/images CHMapSmall.jpg
110.02.19 19:50 B H:\Website\images\ChristianSoldier.gif --> ScriptureCreations.com /www/scripturecreations.com/images ChristianSoldier.gif
110.02.19 19:50 B H:\Website\images\collating.jpg --> ScriptureCreations.com /www/scripturecreations.com/images collating.jpg
110.02.19 19:50 B H:\Website\images\Commissioned.gif --> ScriptureCreations.com /www/scripturecreations.com/images Commissioned.gif
110.02.19 19:50 B H:\Website\images\Commissioned.jpg --> ScriptureCreations.com /www/scripturecreations.com/images Commissioned.jpg
110.02.19 19:50 B H:\Website\images\CommissionedMarketing.jpg --> ScriptureCreations.com /www/scripturecreations.com/images CommissionedMarketing.jpg
110.02.19 19:50 B H:\Website\images\concentratebox.jpg --> ScriptureCreations.com /www/scripturecreations.com/images concentratebox.jpg
110.02.19 19:50 B H:\Website\images\DandCReference.gif --> ScriptureCreations.com /www/scripturecreations.com/images DandCReference.gif
110.02.19 19:50 B H:\Website\images\DandCReference.jpg --> ScriptureCreations.com /www/scripturecreations.com/images DandCReference.jpg
110.02.19 19:50 B H:\Website\images\DanielsVision.gif --> ScriptureCreations.com /www/scripturecreations.com/images DanielsVision.gif
110.02.19 19:50 B H:\Website\images\DanielsVision.jpg --> ScriptureCreations.com /www/scripturecreations.com/images DanielsVision.jpg
110.02.19 19:50 B H:\Website\images\EternalRewards.gif --> ScriptureCreations.com /www/scripturecreations.com/images EternalRewards.gif
110.02.19 19:50 B H:\Website\images\EternalRewards.jpg --> ScriptureCreations.com /www/scripturecreations.com/images EternalRewards.jpg
110.02.19 19:50 B H:\Website\images\EvidencesForBofM.gif --> ScriptureCreations.com /www/scripturecreations.com/images EvidencesForBofM.gif
110.02.19 19:50 B H:\Website\images\EvidencesForBofM.jpg --> ScriptureCreations.com /www/scripturecreations.com/images EvidencesForBofM.jpg
110.02.19 19:50 B H:\Website\images\EvidencesForBofMMarketingSmall.BMP --> ScriptureCreations.com /www/scripturecreations.com/images EvidencesForBofMMarketingSmall.BMP
110.02.19 19:50 B H:\Website\images\FishingBox.jpg --> ScriptureCreations.com /www/scripturecreations.com/images FishingBox.jpg
110.02.19 19:50 B H:\Website\images\FrugalFamily.jpg --> ScriptureCreations.com /www/scripturecreations.com/images FrugalFamily.jpg
110.02.19 19:50 B H:\Website\images\GenealogyOf12Tribes.BMP --> ScriptureCreations.com /www/scripturecreations.com/images GenealogyOf12Tribes.BMP
110.02.19 19:50 B H:\Website\images\HoldupLight.jpg --> ScriptureCreations.com /www/scripturecreations.com/images HoldupLight.jpg
110.02.19 19:50 B H:\Website\images\JSEvidences.gif --> ScriptureCreations.com /www/scripturecreations.com/images JSEvidences.gif
110.02.19 19:50 B H:\Website\images\JSEvidences.jpg --> ScriptureCreations.com /www/scripturecreations.com/images JSEvidences.jpg
110.02.19 19:50 B H:\Website\images\JSEvidencesMarketingSm.BMP --> ScriptureCreations.com /www/scripturecreations.com/images JSEvidencesMarketingSm.BMP
110.02.19 19:50 B H:\Website\images\JSEvidencesMarketingSm.jpg --> ScriptureCreations.com /www/scripturecreations.com/images JSEvidencesMarketingSm.jpg
110.02.19 19:50 B H:\Website\images\logolong.gif --> ScriptureCreations.com /www/scripturecreations.com/images logolong.gif
110.02.19 19:50 B H:\Website\images\LogoNew.jpg --> ScriptureCreations.com /www/scripturecreations.com/images LogoNew.jpg
110.02.19 19:50 B H:\Website\images\LogoWeb.gif --> ScriptureCreations.com /www/scripturecreations.com/images LogoWeb.gif
110.02.19 19:50 B H:\Website\images\LogoWeb.jpg --> ScriptureCreations.com /www/scripturecreations.com/images LogoWeb.jpg
110.02.19 19:50 B H:\Website\images\Map Legend.BMP --> ScriptureCreations.com /www/scripturecreations.com/images Map Legend.BMP
110.02.19 19:50 B H:\Website\images\Map Legend.jpg --> ScriptureCreations.com /www/scripturecreations.com/images Map Legend.jpg
110.02.19 19:50 B H:\Website\images\map.jpg --> ScriptureCreations.com /www/scripturecreations.com/images map.jpg
110.02.19 19:50 B H:\Website\images\MarriagePamplet.gif --> ScriptureCreations.com /www/scripturecreations.com/images MarriagePamplet.gif
110.02.19 19:50 B H:\Website\images\Master of the Univ Marketing Lg.jpg --> ScriptureCreations.com /www/scripturecreations.com/images Master of the Univ Marketing Lg.jpg
110.02.19 19:50 B H:\Website\images\Master of the Univ Marketing Sm.jpg --> ScriptureCreations.com /www/scripturecreations.com/images Master of the Univ Marketing Sm.jpg
110.02.19 19:50 B H:\Website\images\MasterOfTheUniverse.gif --> ScriptureCreations.com /www/scripturecreations.com/images MasterOfTheUniverse.gif
110.02.19 19:50 B H:\Website\images\MasterOfTheUniverse.jpg --> ScriptureCreations.com /www/scripturecreations.com/images MasterOfTheUniverse.jpg
110.02.19 19:50 B H:\Website\images\Missionary Legend.BMP --> ScriptureCreations.com /www/scripturecreations.com/images Missionary Legend.BMP
110.02.19 19:50 B H:\Website\images\Missionary Legend.jpg --> ScriptureCreations.com /www/scripturecreations.com/images Missionary Legend.jpg
110.02.19 19:50 B H:\Website\images\MissionaryPrep.gif --> ScriptureCreations.com /www/scripturecreations.com/images MissionaryPrep.gif
110.02.19 19:50 B H:\Website\images\MissionaryPrep.jpg --> ScriptureCreations.com /www/scripturecreations.com/images MissionaryPrep.jpg
110.02.19 19:50 B H:\Website\images\Mormonism.gif --> ScriptureCreations.com /www/scripturecreations.com/images Mormonism.gif
110.02.19 19:50 B H:\Website\images\MormonismMarketing.jpg --> ScriptureCreations.com /www/scripturecreations.com/images MormonismMarketing.jpg
110.02.19 19:50 B H:\Website\images\MormonismMarketingSm.jpg --> ScriptureCreations.com /www/scripturecreations.com/images MormonismMarketingSm.jpg
110.02.19 19:50 B H:\Website\images\Next.gif --> ScriptureCreations.com /www/scripturecreations.com/images Next.gif
110.02.19 19:50 B H:\Website\images\Next.jpg --> ScriptureCreations.com /www/scripturecreations.com/images Next.jpg
110.02.19 19:50 B H:\Website\images\NTEvents.gif --> ScriptureCreations.com /www/scripturecreations.com/images NTEvents.gif
110.02.19 19:50 B H:\Website\images\NTEvents.jpg --> ScriptureCreations.com /www/scripturecreations.com/images NTEvents.jpg
110.02.19 19:50 B H:\Website\images\NTMap.jpg --> ScriptureCreations.com /www/scripturecreations.com/images NTMap.jpg
110.02.19 19:50 B H:\Website\images\NTMapSm.gif --> ScriptureCreations.com /www/scripturecreations.com/images NTMapSm.gif
110.02.19 19:50 B H:\Website\images\NTMapSm.jpg --> ScriptureCreations.com /www/scripturecreations.com/images NTMapSm.jpg
110.02.19 19:50 B H:\Website\images\NTMiracles.BMP --> ScriptureCreations.com /www/scripturecreations.com/images NTMiracles.BMP
110.02.19 19:50 B H:\Website\images\NTMiracles.jpg --> ScriptureCreations.com /www/scripturecreations.com/images NTMiracles.jpg
110.02.19 19:50 B H:\Website\images\OTChronology.jpg --> ScriptureCreations.com /www/scripturecreations.com/images OTChronology.jpg
110.02.19 19:50 B H:\Website\images\OTEvents.gif --> ScriptureCreations.com /www/scripturecreations.com/images OTEvents.gif
110.02.19 19:50 B H:\Website\images\OTEvents.jpg --> ScriptureCreations.com /www/scripturecreations.com/images OTEvents.jpg
110.02.19 19:50 B H:\Website\images\OTMiracles.BMP --> ScriptureCreations.com /www/scripturecreations.com/images OTMiracles.BMP
110.02.19 19:50 B H:\Website\images\OTMiracles.jpg --> ScriptureCreations.com /www/scripturecreations.com/images OTMiracles.jpg
110.02.19 19:50 B H:\Website\images\ParablesSm.BMP --> ScriptureCreations.com /www/scripturecreations.com/images ParablesSm.BMP
110.02.19 19:50 B H:\Website\images\ParablesSm.jpg --> ScriptureCreations.com /www/scripturecreations.com/images ParablesSm.jpg
110.02.19 19:50 B H:\Website\images\ParablesSmNew.jpg --> ScriptureCreations.com /www/scripturecreations.com/images ParablesSmNew.jpg
110.02.19 19:50 B H:\Website\images\PlaceMatBofM.gif --> ScriptureCreations.com /www/scripturecreations.com/images PlaceMatBofM.gif
110.02.19 19:50 B H:\Website\images\PlaceMatBofM.jpg --> ScriptureCreations.com /www/scripturecreations.com/images PlaceMatBofM.jpg
110.02.19 19:50 B H:\Website\images\PlaceMatJS.gif --> ScriptureCreations.com /www/scripturecreations.com/images PlaceMatJS.gif
110.02.19 19:50 B H:\Website\images\PlaceMatJS.jpg --> ScriptureCreations.com /www/scripturecreations.com/images PlaceMatJS.jpg
110.02.19 19:50 B H:\Website\images\PlanOfSalvation.jpg --> ScriptureCreations.com /www/scripturecreations.com/images PlanOfSalvation.jpg
110.02.19 19:50 B H:\Website\images\PlanOfSalvationSm.jpg --> ScriptureCreations.com /www/scripturecreations.com/images PlanOfSalvationSm.jpg
110.02.19 19:50 B H:\Website\images\PointsOfChristsChurch.BMP --> ScriptureCreations.com /www/scripturecreations.com/images PointsOfChristsChurch.BMP
110.02.19 19:50 B H:\Website\images\PointsOfChristsChurch.jpg --> ScriptureCreations.com /www/scripturecreations.com/images PointsOfChristsChurch.jpg
110.02.19 19:50 B H:\Website\images\Previous.gif --> ScriptureCreations.com /www/scripturecreations.com/images Previous.gif
110.02.19 19:50 B H:\Website\images\Previous.jpg --> ScriptureCreations.com /www/scripturecreations.com/images Previous.jpg
110.02.19 19:51 B H:\Website\images\PriceOfSin.gif --> ScriptureCreations.com /www/scripturecreations.com/images PriceOfSin.gif
110.02.19 19:51 B H:\Website\images\PriceOfSin.jpg --> ScriptureCreations.com /www/scripturecreations.com/images PriceOfSin.jpg
110.02.19 19:51 B H:\Website\images\PridePrint.jpg --> ScriptureCreations.com /www/scripturecreations.com/images PridePrint.jpg
110.02.19 19:51 B H:\Website\images\Priesthood.gif --> ScriptureCreations.com /www/scripturecreations.com/images Priesthood.gif
110.02.19 19:51 B H:\Website\images\Products.gif --> ScriptureCreations.com /www/scripturecreations.com/images Products.gif
110.02.19 19:51 B H:\Website\images\Products.psd --> ScriptureCreations.com /www/scripturecreations.com/images Products.psd
110.02.19 19:51 B H:\Website\images\ProductsDark.psd --> ScriptureCreations.com /www/scripturecreations.com/images ProductsDark.psd
110.02.19 19:51 B H:\Website\images\ProductsFeb10.jpg --> ScriptureCreations.com /www/scripturecreations.com/images ProductsFeb10.jpg
110.02.19 19:51 B H:\Website\images\ProductsNov08.jpg --> ScriptureCreations.com /www/scripturecreations.com/images ProductsNov08.jpg
110.02.19 19:51 B H:\Website\images\ProductsNov08.psd --> ScriptureCreations.com /www/scripturecreations.com/images ProductsNov08.psd
110.02.19 19:51 B H:\Website\images\ProductsNov08Large.jpg --> ScriptureCreations.com /www/scripturecreations.com/images ProductsNov08Large.jpg
110.02.19 19:51 B H:\Website\images\productssep07.jpg --> ScriptureCreations.com /www/scripturecreations.com/images productssep07.jpg
110.02.19 19:51 B H:\Website\images\ProductsSep07.psd --> ScriptureCreations.com /www/scripturecreations.com/images ProductsSep07.psd
110.02.19 19:54 B H:\Website\images\10Tribes.gif --> ScriptureCreations.com /www/scripturecreations.com/images 10Tribes.gif
110.02.19 19:54 B H:\Website\images\800Signs.jpg --> ScriptureCreations.com /www/scripturecreations.com/images 800Signs.jpg
110.02.19 19:54 B H:\Website\images\AccountableMarketingSm.jpg --> ScriptureCreations.com /www/scripturecreations.com/images AccountableMarketingSm.jpg
110.02.19 19:54 B H:\Website\images\Battles Legend.BMP --> ScriptureCreations.com /www/scripturecreations.com/images Battles Legend.BMP
110.02.19 19:54 B H:\Website\images\Battles Legend.jpg --> ScriptureCreations.com /www/scripturecreations.com/images Battles Legend.jpg
110.02.19 19:54 B H:\Website\images\BofM Chronology Bookmark.jpg --> ScriptureCreations.com /www/scripturecreations.com/images BofM Chronology Bookmark.jpg
110.02.19 19:54 B H:\Website\images\BofM Map Sm.jpg --> ScriptureCreations.com /www/scripturecreations.com/images BofM Map Sm.jpg
110.02.19 19:54 B H:\Website\images\BofMBookmark.jpg --> ScriptureCreations.com /www/scripturecreations.com/images BofMBookmark.jpg
110.02.19 19:54 B H:\Website\images\BookmarkMapColors.jpg --> ScriptureCreations.com /www/scripturecreations.com/images BookmarkMapColors.jpg
110.02.19 19:54 B H:\Website\images\BoxArticles.jpg --> ScriptureCreations.com /www/scripturecreations.com/images BoxArticles.jpg
110.02.19 19:54 B H:\Website\images\BoxBishopRick.jpg --> ScriptureCreations.com /www/scripturecreations.com/images BoxBishopRick.jpg
110.02.19 19:54 B H:\Website\images\BoxFishing.jpg --> ScriptureCreations.com /www/scripturecreations.com/images BoxFishing.jpg
110.02.19 19:54 B H:\Website\images\BoxProphets.jpg --> ScriptureCreations.com /www/scripturecreations.com/images BoxProphets.jpg
110.02.19 19:54 B H:\Website\images\Catalog.pdf --> ScriptureCreations.com /www/scripturecreations.com/images Catalog.pdf
110.02.19 19:54 B H:\Website\images\CHMap.gif --> ScriptureCreations.com /www/scripturecreations.com/images CHMap.gif
110.02.19 19:54 B H:\Website\images\CHMap.jpg --> ScriptureCreations.com /www/scripturecreations.com/images CHMap.jpg
110.02.19 19:54 B H:\Website\images\CHMapSmall.jpg --> ScriptureCreations.com /www/scripturecreations.com/images CHMapSmall.jpg
110.02.19 19:54 B H:\Website\images\ChristianSoldier.gif --> ScriptureCreations.com /www/scripturecreations.com/images ChristianSoldier.gif
110.02.19 19:54 B H:\Website\images\collating.jpg --> ScriptureCreations.com /www/scripturecreations.com/images collating.jpg
110.02.19 19:54 B H:\Website\images\Commissioned.gif --> ScriptureCreations.com /www/scripturecreations.com/images Commissioned.gif
110.02.19 19:54 B H:\Website\images\Commissioned.jpg --> ScriptureCreations.com /www/scripturecreations.com/images Commissioned.jpg
110.02.19 19:54 B H:\Website\images\CommissionedMarketing.jpg --> ScriptureCreations.com /www/scripturecreations.com/images CommissionedMarketing.jpg
110.02.19 19:54 B H:\Website\images\concentratebox.jpg --> ScriptureCreations.com /www/scripturecreations.com/images concentratebox.jpg
110.02.19 19:54 B H:\Website\images\DandCReference.gif --> ScriptureCreations.com /www/scripturecreations.com/images DandCReference.gif
110.02.19 19:54 B H:\Website\images\DandCReference.jpg --> ScriptureCreations.com /www/scripturecreations.com/images DandCReference.jpg
110.02.19 19:54 B H:\Website\images\DanielsVision.gif --> ScriptureCreations.com /www/scripturecreations.com/images DanielsVision.gif
110.02.19 19:54 B H:\Website\images\DanielsVision.jpg --> ScriptureCreations.com /www/scripturecreations.com/images DanielsVision.jpg
110.02.19 19:54 B H:\Website\images\EternalRewards.gif --> ScriptureCreations.com /www/scripturecreations.com/images EternalRewards.gif
110.02.19 19:54 B H:\Website\images\EternalRewards.jpg --> ScriptureCreations.com /www/scripturecreations.com/images EternalRewards.jpg
110.02.19 19:54 B H:\Website\images\EvidencesForBofM.gif --> ScriptureCreations.com /www/scripturecreations.com/images EvidencesForBofM.gif
110.02.19 19:54 B H:\Website\images\EvidencesForBofM.jpg --> ScriptureCreations.com /www/scripturecreations.com/images EvidencesForBofM.jpg
110.02.19 19:54 B H:\Website\images\EvidencesForBofMMarketingSmall.BMP --> ScriptureCreations.com /www/scripturecreations.com/images EvidencesForBofMMarketingSmall.BMP
110.02.19 19:54 B H:\Website\images\FishingBox.jpg --> ScriptureCreations.com /www/scripturecreations.com/images FishingBox.jpg
110.02.19 19:55 B H:\Website\images\FrugalFamily.jpg --> ScriptureCreations.com /www/scripturecreations.com/images FrugalFamily.jpg
110.02.19 19:55 B H:\Website\images\GenealogyOf12Tribes.BMP --> ScriptureCreations.com /www/scripturecreations.com/images GenealogyOf12Tribes.BMP
110.02.19 19:55 B H:\Website\images\HoldupLight.jpg --> ScriptureCreations.com /www/scripturecreations.com/images HoldupLight.jpg
110.02.19 19:55 B H:\Website\images\JSEvidences.gif --> ScriptureCreations.com /www/scripturecreations.com/images JSEvidences.gif
110.02.19 19:55 B H:\Website\images\JSEvidences.jpg --> ScriptureCreations.com /www/scripturecreations.com/images JSEvidences.jpg
110.02.19 19:55 B H:\Website\images\JSEvidencesMarketingSm.BMP --> ScriptureCreations.com /www/scripturecreations.com/images JSEvidencesMarketingSm.BMP
110.02.19 19:55 B H:\Website\images\JSEvidencesMarketingSm.jpg --> ScriptureCreations.com /www/scripturecreations.com/images JSEvidencesMarketingSm.jpg
110.02.19 19:55 B H:\Website\images\logolong.gif --> ScriptureCreations.com /www/scripturecreations.com/images logolong.gif
110.02.19 19:55 B H:\Website\images\LogoNew.jpg --> ScriptureCreations.com /www/scripturecreations.com/images LogoNew.jpg
110.02.19 19:55 B H:\Website\images\LogoWeb.gif --> ScriptureCreations.com /www/scripturecreations.com/images LogoWeb.gif
110.02.19 19:55 B H:\Website\images\LogoWeb.jpg --> ScriptureCreations.com /www/scripturecreations.com/images LogoWeb.jpg
110.02.19 19:55 B H:\Website\images\Map Legend.BMP --> ScriptureCreations.com /www/scripturecreations.com/images Map Legend.BMP
110.02.19 19:55 B H:\Website\images\Map Legend.jpg --> ScriptureCreations.com /www/scripturecreations.com/images Map Legend.jpg
110.02.19 19:55 B H:\Website\images\map.jpg --> ScriptureCreations.com /www/scripturecreations.com/images map.jpg
110.02.19 19:55 B H:\Website\images\MarriagePamplet.gif --> ScriptureCreations.com /www/scripturecreations.com/images MarriagePamplet.gif
110.02.19 19:55 B H:\Website\images\Master of the Univ Marketing Lg.jpg --> ScriptureCreations.com /www/scripturecreations.com/images Master of the Univ Marketing Lg.jpg
110.02.19 19:55 B H:\Website\images\Master of the Univ Marketing Sm.jpg --> ScriptureCreations.com /www/scripturecreations.com/images Master of the Univ Marketing Sm.jpg
110.02.19 19:55 B H:\Website\images\MasterOfTheUniverse.gif --> ScriptureCreations.com /www/scripturecreations.com/images MasterOfTheUniverse.gif
110.02.19 19:55 B H:\Website\images\MasterOfTheUniverse.jpg --> ScriptureCreations.com /www/scripturecreations.com/images MasterOfTheUniverse.jpg
110.02.19 19:55 B H:\Website\images\Missionary Legend.BMP --> ScriptureCreations.com /www/scripturecreations.com/images Missionary Legend.BMP
110.02.19 19:55 B H:\Website\images\Missionary Legend.jpg --> ScriptureCreations.com /www/scripturecreations.com/images Missionary Legend.jpg
110.02.19 19:55 B H:\Website\images\MissionaryPrep.gif --> ScriptureCreations.com /www/scripturecreations.com/images MissionaryPrep.gif
110.02.19 19:55 B H:\Website\images\MissionaryPrep.jpg --> ScriptureCreations.com /www/scripturecreations.com/images MissionaryPrep.jpg
110.02.19 19:55 B H:\Website\images\Mormonism.gif --> ScriptureCreations.com /www/scripturecreations.com/images Mormonism.gif
110.02.19 19:55 B H:\Website\images\MormonismMarketing.jpg --> ScriptureCreations.com /www/scripturecreations.com/images MormonismMarketing.jpg
110.02.19 19:55 B H:\Website\images\MormonismMarketingSm.jpg --> ScriptureCreations.com /www/scripturecreations.com/images MormonismMarketingSm.jpg
110.02.19 19:55 B H:\Website\images\Next.gif --> ScriptureCreations.com /www/scripturecreations.com/images Next.gif
110.02.19 19:55 B H:\Website\images\Next.jpg --> ScriptureCreations.com /www/scripturecreations.com/images Next.jpg
110.02.19 19:55 B H:\Website\images\NTEvents.gif --> ScriptureCreations.com /www/scripturecreations.com/images NTEvents.gif
110.02.19 19:55 B H:\Website\images\NTEvents.jpg --> ScriptureCreations.com /www/scripturecreations.com/images NTEvents.jpg
110.02.19 19:55 B H:\Website\images\NTMap.jpg --> ScriptureCreations.com /www/scripturecreations.com/images NTMap.jpg
110.02.19 19:55 B H:\Website\images\NTMapSm.gif --> ScriptureCreations.com /www/scripturecreations.com/images NTMapSm.gif
110.02.19 19:55 B H:\Website\images\NTMapSm.jpg --> ScriptureCreations.com /www/scripturecreations.com/images NTMapSm.jpg
110.02.19 19:55 B H:\Website\images\NTMiracles.BMP --> ScriptureCreations.com /www/scripturecreations.com/images NTMiracles.BMP
110.02.19 19:55 B H:\Website\images\NTMiracles.jpg --> ScriptureCreations.com /www/scripturecreations.com/images NTMiracles.jpg
110.02.19 19:55 B H:\Website\images\OTChronology.jpg --> ScriptureCreations.com /www/scripturecreations.com/images OTChronology.jpg
110.02.19 19:55 B H:\Website\images\OTEvents.gif --> ScriptureCreations.com /www/scripturecreations.com/images OTEvents.gif
110.02.19 19:55 B H:\Website\images\OTEvents.jpg --> ScriptureCreations.com /www/scripturecreations.com/images OTEvents.jpg
110.02.19 19:55 B H:\Website\images\OTMiracles.BMP --> ScriptureCreations.com /www/scripturecreations.com/images OTMiracles.BMP
110.02.19 19:55 B H:\Website\images\OTMiracles.jpg --> ScriptureCreations.com /www/scripturecreations.com/images OTMiracles.jpg
110.02.19 19:55 B H:\Website\images\ParablesSm.BMP --> ScriptureCreations.com /www/scripturecreations.com/images ParablesSm.BMP
110.02.19 19:55 B H:\Website\images\ParablesSm.jpg --> ScriptureCreations.com /www/scripturecreations.com/images ParablesSm.jpg
110.02.19 19:55 B H:\Website\images\ParablesSmNew.jpg --> ScriptureCreations.com /www/scripturecreations.com/images ParablesSmNew.jpg
110.02.19 19:55 B H:\Website\images\PlaceMatBofM.gif --> ScriptureCreations.com /www/scripturecreations.com/images PlaceMatBofM.gif
110.02.19 19:55 B H:\Website\images\PlaceMatBofM.jpg --> ScriptureCreations.com /www/scripturecreations.com/images PlaceMatBofM.jpg
110.02.19 19:55 B H:\Website\images\PlaceMatJS.gif --> ScriptureCreations.com /www/scripturecreations.com/images PlaceMatJS.gif
110.02.19 19:55 B H:\Website\images\PlaceMatJS.jpg --> ScriptureCreations.com /www/scripturecreations.com/images PlaceMatJS.jpg
110.02.19 19:55 B H:\Website\images\PlanOfSalvation.jpg --> ScriptureCreations.com /www/scripturecreations.com/images PlanOfSalvation.jpg
110.02.19 19:55 B H:\Website\images\PlanOfSalvationSm.jpg --> ScriptureCreations.com /www/scripturecreations.com/images PlanOfSalvationSm.jpg
110.02.19 19:55 B H:\Website\images\PointsOfChristsChurch.BMP --> ScriptureCreations.com /www/scripturecreations.com/images PointsOfChristsChurch.BMP
110.02.19 19:55 B H:\Website\images\PointsOfChristsChurch.jpg --> ScriptureCreations.com /www/scripturecreations.com/images PointsOfChristsChurch.jpg
110.02.19 19:55 B H:\Website\images\Previous.gif --> ScriptureCreations.com /www/scripturecreations.com/images Previous.gif
110.02.19 19:55 B H:\Website\images\Previous.jpg --> ScriptureCreations.com /www/scripturecreations.com/images Previous.jpg
110.02.19 19:55 B H:\Website\images\PriceOfSin.gif --> ScriptureCreations.com /www/scripturecreations.com/images PriceOfSin.gif
110.02.19 19:55 B H:\Website\images\PriceOfSin.jpg --> ScriptureCreations.com /www/scripturecreations.com/images PriceOfSin.jpg
110.02.19 19:55 B H:\Website\images\PridePrint.jpg --> ScriptureCreations.com /www/scripturecreations.com/images PridePrint.jpg
110.02.19 19:55 B H:\Website\images\Priesthood.gif --> ScriptureCreations.com /www/scripturecreations.com/images Priesthood.gif
110.02.19 19:55 B H:\Website\images\Products.gif --> ScriptureCreations.com /www/scripturecreations.com/images Products.gif
110.02.19 19:55 B H:\Website\images\Products.psd --> ScriptureCreations.com /www/scripturecreations.com/images Products.psd
110.02.19 19:55 B H:\Website\images\ProductsDark.psd --> ScriptureCreations.com /www/scripturecreations.com/images ProductsDark.psd
110.02.19 19:55 B H:\Website\images\ProductsFeb10.jpg --> ScriptureCreations.com /www/scripturecreations.com/images ProductsFeb10.jpg
110.02.19 19:55 B H:\Website\images\ProductsNov08.jpg --> ScriptureCreations.com /www/scripturecreations.com/images ProductsNov08.jpg
110.02.19 19:55 B H:\Website\images\ProductsNov08.psd --> ScriptureCreations.com /www/scripturecreations.com/images ProductsNov08.psd
110.02.19 19:55 B H:\Website\images\ProductsNov08Large.jpg --> ScriptureCreations.com /www/scripturecreations.com/images ProductsNov08Large.jpg
110.02.19 19:55 B H:\Website\images\productssep07.jpg --> ScriptureCreations.com /www/scripturecreations.com/images productssep07.jpg
110.02.19 19:56 B H:\Website\images\ProductsSep07.psd --> ScriptureCreations.com /www/scripturecreations.com/images ProductsSep07.psd
110.02.19 20:30 B H:\Website\images\PropheciesOfChrist.BMP --> ScriptureCreations.com /www/scripturecreations.com/images PropheciesOfChrist.BMP
110.02.19 20:32 B H:\Website\images\PropheciesOfChrist.BMP --> ScriptureCreations.com /www/scripturecreations.com/images PropheciesOfChrist.BMP
110.02.19 20:32 B H:\Website\images\PropheciesOfChrist.jpg --> ScriptureCreations.com /www/scripturecreations.com/images PropheciesOfChrist.jpg
110.02.19 20:32 B H:\Website\images\QuickReferenceMarketing.jpg --> ScriptureCreations.com /www/scripturecreations.com/images QuickReferenceMarketing.jpg
110.02.19 20:32 B H:\Website\images\Revelations.gif --> ScriptureCreations.com /www/scripturecreations.com/images Revelations.gif
110.02.19 20:32 B H:\Website\images\SignsBooklet.jpg --> ScriptureCreations.com /www/scripturecreations.com/images SignsBooklet.jpg
110.02.19 20:32 B H:\Website\images\SignsOfTimes.jpg --> ScriptureCreations.com /www/scripturecreations.com/images SignsOfTimes.jpg
110.02.19 20:32 B H:\Website\images\SignsOfTimesSm.jpg --> ScriptureCreations.com /www/scripturecreations.com/images SignsOfTimesSm.jpg
110.02.19 20:32 B H:\Website\images\SignsOfTimesSmall.jpg --> ScriptureCreations.com /www/scripturecreations.com/images SignsOfTimesSmall.jpg
110.02.19 20:32 B H:\Website\images\sonic.gif --> ScriptureCreations.com /www/scripturecreations.com/images sonic.gif
110.02.19 20:32 B H:\Website\images\StudyPacket.jpg --> ScriptureCreations.com /www/scripturecreations.com/images StudyPacket.jpg
110.02.19 20:32 B H:\Website\images\SWCertificate.jpg --> ScriptureCreations.com /www/scripturecreations.com/images SWCertificate.jpg
110.02.19 20:32 B H:\Website\images\Tahu.jpg --> ScriptureCreations.com /www/scripturecreations.com/images Tahu.jpg
110.02.19 20:32 B H:\Website\images\TahuBkgrnd.jpg --> ScriptureCreations.com /www/scripturecreations.com/images TahuBkgrnd.jpg
110.02.19 20:32 B H:\Website\images\TahuOrig.jpg --> ScriptureCreations.com /www/scripturecreations.com/images TahuOrig.jpg
110.02.19 20:32 B H:\Website\images\ThePridePrintMarketingSmall.jpg --> ScriptureCreations.com /www/scripturecreations.com/images ThePridePrintMarketingSmall.jpg
110.02.19 21:54 B H:\Website\images\10Tribes.gif <-- ScriptureCreations /www/scripturecreations.com/images 10Tribes.gif
110.02.19 21:54 B H:\Website\images\800Signs.jpg <-- ScriptureCreations /www/scripturecreations.com/images 800Signs.jpg
110.02.19 21:54 B H:\Website\images\AccountableMarketingSm.jpg <-- ScriptureCreations /www/scripturecreations.com/images AccountableMarketingSm.jpg
110.02.19 21:54 B H:\Website\images\Battles Legend.bmp <-- ScriptureCreations /www/scripturecreations.com/images Battles Legend.bmp
110.02.19 21:54 B H:\Website\images\Battles Legend.jpg <-- ScriptureCreations /www/scripturecreations.com/images Battles Legend.jpg
110.02.19 21:54 B H:\Website\images\BofM Chronology Bookmark.jpg <-- ScriptureCreations /www/scripturecreations.com/images BofM Chronology Bookmark.jpg
110.02.19 21:54 B H:\Website\images\BofM Map Sm.jpg <-- ScriptureCreations /www/scripturecreations.com/images BofM Map Sm.jpg
110.02.19 21:54 B H:\Website\images\BofMBookmark.jpg <-- ScriptureCreations /www/scripturecreations.com/images BofMBookmark.jpg
110.02.19 21:54 B H:\Website\images\BookmarkMapColors.jpg <-- ScriptureCreations /www/scripturecreations.com/images BookmarkMapColors.jpg
110.02.19 21:54 B H:\Website\images\BoxArticles.jpg <-- ScriptureCreations /www/scripturecreations.com/images BoxArticles.jpg
110.02.19 21:54 B H:\Website\images\BoxBishopRick.jpg <-- ScriptureCreations /www/scripturecreations.com/images BoxBishopRick.jpg
110.02.19 21:54 B H:\Website\images\BoxFishing.jpg <-- ScriptureCreations /www/scripturecreations.com/images BoxFishing.jpg
110.02.19 21:54 B H:\Website\images\BoxProphets.jpg <-- ScriptureCreations /www/scripturecreations.com/images BoxProphets.jpg
110.02.19 21:54 B H:\Website\images\Catalog.pdf <-- ScriptureCreations /www/scripturecreations.com/images Catalog.pdf
110.02.19 21:55 B H:\Website\images\CHMap.gif <-- ScriptureCreations /www/scripturecreations.com/images CHMap.gif
110.02.19 21:55 B H:\Website\images\CHMap.jpg <-- ScriptureCreations /www/scripturecreations.com/images CHMap.jpg
110.02.19 21:55 B H:\Website\images\CHMapSmall.jpg <-- ScriptureCreations /www/scripturecreations.com/images CHMapSmall.jpg
110.02.19 21:55 B H:\Website\images\ChristianSoldier.gif <-- ScriptureCreations /www/scripturecreations.com/images ChristianSoldier.gif
110.02.19 21:55 B H:\Website\images\collating.jpg <-- ScriptureCreations /www/scripturecreations.com/images collating.jpg
110.02.19 21:55 B H:\Website\images\Commissioned.gif <-- ScriptureCreations /www/scripturecreations.com/images Commissioned.gif
110.02.19 21:55 B H:\Website\images\Commissioned.jpg <-- ScriptureCreations /www/scripturecreations.com/images Commissioned.jpg
110.02.19 21:55 B H:\Website\images\CommissionedMarketing.jpg <-- ScriptureCreations /www/scripturecreations.com/images CommissionedMarketing.jpg
110.02.19 21:55 B H:\Website\images\concentratebox.jpg <-- ScriptureCreations /www/scripturecreations.com/images concentratebox.jpg
110.02.19 21:55 B H:\Website\images\DandCReference.gif <-- ScriptureCreations /www/scripturecreations.com/images DandCReference.gif
110.02.19 21:55 B H:\Website\images\DandCReference.jpg <-- ScriptureCreations /www/scripturecreations.com/images DandCReference.jpg
110.02.19 21:55 B H:\Website\images\DanielsVision.gif <-- ScriptureCreations /www/scripturecreations.com/images DanielsVision.gif
110.02.19 21:55 B H:\Website\images\DanielsVision.jpg <-- ScriptureCreations /www/scripturecreations.com/images DanielsVision.jpg
110.02.19 21:55 B H:\Website\images\EternalRewards.gif <-- ScriptureCreations /www/scripturecreations.com/images EternalRewards.gif
110.02.19 21:55 B H:\Website\images\EternalRewards.jpg <-- ScriptureCreations /www/scripturecreations.com/images EternalRewards.jpg
110.02.19 21:55 B H:\Website\images\EvidencesForBofM.gif <-- ScriptureCreations /www/scripturecreations.com/images EvidencesForBofM.gif
110.02.19 21:55 B H:\Website\images\EvidencesForBofM.jpg <-- ScriptureCreations /www/scripturecreations.com/images EvidencesForBofM.jpg
110.02.19 21:55 B H:\Website\images\EvidencesForBofMMarketingSmall.bmp <-- ScriptureCreations /www/scripturecreations.com/images EvidencesForBofMMarketingSmall.bmp
110.02.19 21:55 B H:\Website\images\FishingBox.jpg <-- ScriptureCreations /www/scripturecreations.com/images FishingBox.jpg
110.02.19 21:55 B H:\Website\images\FrugalFamily.jpg <-- ScriptureCreations /www/scripturecreations.com/images FrugalFamily.jpg
110.02.19 21:55 B H:\Website\images\GenealogyOf12Tribes.bmp <-- ScriptureCreations /www/scripturecreations.com/images GenealogyOf12Tribes.bmp
110.02.19 21:55 B H:\Website\images\HoldupLight.jpg <-- ScriptureCreations /www/scripturecreations.com/images HoldupLight.jpg
110.02.19 21:55 B H:\Website\images\JSEvidences.gif <-- ScriptureCreations /www/scripturecreations.com/images JSEvidences.gif
110.02.19 21:55 B H:\Website\images\JSEvidences.jpg <-- ScriptureCreations /www/scripturecreations.com/images JSEvidences.jpg
110.02.19 21:55 B H:\Website\images\JSEvidencesMarketingSm.bmp <-- ScriptureCreations /www/scripturecreations.com/images JSEvidencesMarketingSm.bmp
110.02.19 21:55 B H:\Website\images\JSEvidencesMarketingSm.jpg <-- ScriptureCreations /www/scripturecreations.com/images JSEvidencesMarketingSm.jpg
110.02.19 21:55 B H:\Website\images\logolong.gif <-- ScriptureCreations /www/scripturecreations.com/images logolong.gif
110.02.19 21:55 B H:\Website\images\LogoNew.jpg <-- ScriptureCreations /www/scripturecreations.com/images LogoNew.jpg
110.02.19 21:55 B H:\Website\images\LogoWeb.gif <-- ScriptureCreations /www/scripturecreations.com/images LogoWeb.gif
110.02.19 21:55 B H:\Website\images\LogoWeb.jpg <-- ScriptureCreations /www/scripturecreations.com/images LogoWeb.jpg
110.02.19 21:55 B H:\Website\images\Map Legend.bmp <-- ScriptureCreations /www/scripturecreations.com/images Map Legend.bmp
110.02.19 21:55 B H:\Website\images\Map Legend.jpg <-- ScriptureCreations /www/scripturecreations.com/images Map Legend.jpg
110.02.19 21:55 B H:\Website\images\map.jpg <-- ScriptureCreations /www/scripturecreations.com/images map.jpg
110.02.19 21:55 B H:\Website\images\MarriagePamplet.gif <-- ScriptureCreations /www/scripturecreations.com/images MarriagePamplet.gif
110.02.19 21:55 B H:\Website\images\Master of the Univ Marketing Sm.jpg <-- ScriptureCreations /www/scripturecreations.com/images Master of the Univ Marketing Sm.jpg
110.02.19 21:55 B H:\Website\images\MasterOfTheUniverse.gif <-- ScriptureCreations /www/scripturecreations.com/images MasterOfTheUniverse.gif
110.02.19 21:55 B H:\Website\images\MasterOfTheUniverse.jpg <-- ScriptureCreations /www/scripturecreations.com/images MasterOfTheUniverse.jpg
110.02.19 21:55 B H:\Website\images\Missionary Legend.bmp <-- ScriptureCreations /www/scripturecreations.com/images Missionary Legend.bmp
110.02.19 21:55 B H:\Website\images\Missionary Legend.jpg <-- ScriptureCreations /www/scripturecreations.com/images Missionary Legend.jpg
110.02.19 21:55 B H:\Website\images\MissionaryPrep.gif <-- ScriptureCreations /www/scripturecreations.com/images MissionaryPrep.gif
110.02.19 21:55 B H:\Website\images\MissionaryPrep.jpg <-- ScriptureCreations /www/scripturecreations.com/images MissionaryPrep.jpg
110.02.19 21:55 B H:\Website\images\Mormonism.gif <-- ScriptureCreations /www/scripturecreations.com/images Mormonism.gif
110.02.19 21:55 B H:\Website\images\MormonismMarketing.jpg <-- ScriptureCreations /www/scripturecreations.com/images MormonismMarketing.jpg
110.02.19 21:55 B H:\Website\images\MormonismMarketingSm.jpg <-- ScriptureCreations /www/scripturecreations.com/images MormonismMarketingSm.jpg
110.02.19 21:55 B H:\Website\images\Next.gif <-- ScriptureCreations /www/scripturecreations.com/images Next.gif
110.02.19 21:55 B H:\Website\images\Next.jpg <-- ScriptureCreations /www/scripturecreations.com/images Next.jpg
110.02.19 21:55 B H:\Website\images\NTEvents.gif <-- ScriptureCreations /www/scripturecreations.com/images NTEvents.gif
110.02.19 21:55 B H:\Website\images\NTEvents.jpg <-- ScriptureCreations /www/scripturecreations.com/images NTEvents.jpg
110.02.19 21:55 B H:\Website\images\NTMap.jpg <-- ScriptureCreations /www/scripturecreations.com/images NTMap.jpg
110.02.19 21:55 B H:\Website\images\NTMapSm.gif <-- ScriptureCreations /www/scripturecreations.com/images NTMapSm.gif
110.02.19 21:55 B H:\Website\images\NTMapSm.jpg <-- ScriptureCreations /www/scripturecreations.com/images NTMapSm.jpg
110.02.19 21:55 B H:\Website\images\NTMiracles.bmp <-- ScriptureCreations /www/scripturecreations.com/images NTMiracles.bmp
110.02.19 21:55 B H:\Website\images\NTMiracles.jpg <-- ScriptureCreations /www/scripturecreations.com/images NTMiracles.jpg
110.02.19 21:55 B H:\Website\images\OTChronology.jpg <-- ScriptureCreations /www/scripturecreations.com/images OTChronology.jpg
110.02.19 21:55 B H:\Website\images\OTEvents.gif <-- ScriptureCreations /www/scripturecreations.com/images OTEvents.gif
110.02.19 21:55 B H:\Website\images\OTEvents.jpg <-- ScriptureCreations /www/scripturecreations.com/images OTEvents.jpg
110.02.19 21:55 B H:\Website\images\OTMiracles.bmp <-- ScriptureCreations /www/scripturecreations.com/images OTMiracles.bmp
110.02.19 21:55 B H:\Website\images\OTMiracles.jpg <-- ScriptureCreations /www/scripturecreations.com/images OTMiracles.jpg
110.02.19 21:55 B H:\Website\images\ParablesSm.bmp <-- ScriptureCreations /www/scripturecreations.com/images ParablesSm.bmp
110.02.19 21:55 B H:\Website\images\ParablesSm.jpg <-- ScriptureCreations /www/scripturecreations.com/images ParablesSm.jpg
110.02.19 21:55 B H:\Website\images\ParablesSmNew.jpg <-- ScriptureCreations /www/scripturecreations.com/images ParablesSmNew.jpg
110.02.19 21:55 B H:\Website\images\PlaceMatBofM.gif <-- ScriptureCreations /www/scripturecreations.com/images PlaceMatBofM.gif
110.02.19 21:55 B H:\Website\images\PlaceMatBofM.jpg <-- ScriptureCreations /www/scripturecreations.com/images PlaceMatBofM.jpg
110.02.19 21:55 B H:\Website\images\PlaceMatJS.gif <-- ScriptureCreations /www/scripturecreations.com/images PlaceMatJS.gif
110.02.19 21:55 B H:\Website\images\PlaceMatJS.jpg <-- ScriptureCreations /www/scripturecreations.com/images PlaceMatJS.jpg
110.02.19 21:55 B H:\Website\images\PlanOfSalvation.jpg <-- ScriptureCreations /www/scripturecreations.com/images PlanOfSalvation.jpg
110.02.19 21:55 B H:\Website\images\PlanOfSalvationSm.jpg <-- ScriptureCreations /www/scripturecreations.com/images PlanOfSalvationSm.jpg
110.02.19 21:55 B H:\Website\images\PointsOfChristsChurch.bmp <-- ScriptureCreations /www/scripturecreations.com/images PointsOfChristsChurch.bmp
110.02.19 21:55 B H:\Website\images\PointsOfChristsChurch.jpg <-- ScriptureCreations /www/scripturecreations.com/images PointsOfChristsChurch.jpg
110.02.19 21:55 B H:\Website\images\Previous.gif <-- ScriptureCreations /www/scripturecreations.com/images Previous.gif
110.02.19 21:55 B H:\Website\images\Previous.jpg <-- ScriptureCreations /www/scripturecreations.com/images Previous.jpg
110.02.19 21:55 B H:\Website\images\PriceOfSin.gif <-- ScriptureCreations /www/scripturecreations.com/images PriceOfSin.gif
110.02.19 21:55 B H:\Website\images\PriceOfSin.jpg <-- ScriptureCreations /www/scripturecreations.com/images PriceOfSin.jpg
110.02.19 21:55 B H:\Website\images\PridePrint.jpg <-- ScriptureCreations /www/scripturecreations.com/images PridePrint.jpg
110.02.19 21:55 B H:\Website\images\Priesthood.gif <-- ScriptureCreations /www/scripturecreations.com/images Priesthood.gif
110.02.19 21:55 B H:\Website\images\Products.gif <-- ScriptureCreations /www/scripturecreations.com/images Products.gif
110.02.19 21:55 B H:\Website\images\ProductsFeb10.jpg <-- ScriptureCreations /www/scripturecreations.com/images ProductsFeb10.jpg
110.02.19 21:56 B H:\Website\images\PropheciesOfChrist.bmp <-- ScriptureCreations /www/scripturecreations.com/images PropheciesOfChrist.bmp
110.02.19 21:56 B H:\Website\images\PropheciesOfChrist.jpg <-- ScriptureCreations /www/scripturecreations.com/images PropheciesOfChrist.jpg
110.02.19 21:56 B H:\Website\images\QuickReferenceMarketing.jpg <-- ScriptureCreations /www/scripturecreations.com/images QuickReferenceMarketing.jpg
110.02.19 21:56 B H:\Website\images\Revelations.gif <-- ScriptureCreations /www/scripturecreations.com/images Revelations.gif
110.02.19 21:56 B H:\Website\images\SignsBooklet.jpg <-- ScriptureCreations /www/scripturecreations.com/images SignsBooklet.jpg
110.02.19 21:56 B H:\Website\images\SignsOfTimes.jpg <-- ScriptureCreations /www/scripturecreations.com/images SignsOfTimes.jpg
110.02.19 21:56 B H:\Website\images\SignsOfTimesSm.jpg <-- ScriptureCreations /www/scripturecreations.com/images SignsOfTimesSm.jpg
110.02.19 21:56 B H:\Website\images\SignsOfTimesSmall.jpg <-- ScriptureCreations /www/scripturecreations.com/images SignsOfTimesSmall.jpg
110.02.19 21:56 B H:\Website\images\sonic.gif <-- ScriptureCreations /www/scripturecreations.com/images sonic.gif
110.02.19 21:56 B H:\Website\images\StudyPacket.jpg <-- ScriptureCreations /www/scripturecreations.com/images StudyPacket.jpg
110.02.19 21:56 B H:\Website\images\SWCertificate.jpg <-- ScriptureCreations /www/scripturecreations.com/images SWCertificate.jpg
110.02.19 21:56 B H:\Website\images\Tahu.jpg <-- ScriptureCreations /www/scripturecreations.com/images Tahu.jpg
110.02.19 21:56 B H:\Website\images\TahuBkgrnd.jpg <-- ScriptureCreations /www/scripturecreations.com/images TahuBkgrnd.jpg
110.02.19 21:56 B H:\Website\images\TahuOrig.jpg <-- ScriptureCreations /www/scripturecreations.com/images TahuOrig.jpg
110.02.19 21:56 B H:\Website\images\ThePridePrintMarketingSmall.jpg <-- ScriptureCreations /www/scripturecreations.com/images ThePridePrintMarketingSmall.jpg
