100.12.28 12:51 B c:\Scripture Creations\Marketing\WebSite\images\BoxArticles.jpg --> lindon.org /images BoxArticles.jpg
100.12.28 12:51 B c:\Scripture Creations\Marketing\WebSite\images\BoxBishopRick.jpg --> lindon.org /images BoxBishopRick.jpg
100.12.28 12:51 B c:\Scripture Creations\Marketing\WebSite\images\BoxFishing.jpg --> lindon.org /images BoxFishing.jpg
100.12.28 12:52 B c:\Scripture Creations\Marketing\WebSite\images\BoxProphets.jpg --> lindon.org /images BoxProphets.jpg
100.12.28 12:52 B c:\Scripture Creations\Marketing\WebSite\images\concentratebox.jpg --> lindon.org /images concentratebox.jpg
100.12.28 12:52 B c:\Scripture Creations\Marketing\WebSite\images\frugalfamily.jpg --> lindon.org /images frugalfamily.jpg
100.12.28 12:52 B c:\Scripture Creations\Marketing\WebSite\images\map.jpg --> lindon.org /images map.jpg
100.12.28 13:08 B c:\Scripture Creations\Marketing\WebSite\images\LogoNew.jpg --> lindon.org /images LogoNew.jpg
100.12.28 13:14 B c:\Scripture Creations\Marketing\WebSite\images\FrugalFamily.jpg --> lindon.org /images FrugalFamily.jpg
101.09.04 07:36 B c:\scripture creations\marketing\website\images\Cards.jpg --> lindon.org /images Cards.jpg
101.09.04 07:36 B c:\scripture creations\marketing\website\images\Collating.jpg --> lindon.org /images Collating.jpg
101.09.04 12:18 B c:\scripture creations\marketing\website\images\cards.jpg --> lindon.org /images cards.jpg
101.09.04 12:18 B c:\scripture creations\marketing\website\images\collating.jpg --> lindon.org /images collating.jpg
101.11.29 10:52 B C:\Scripture Creations\Marketing\WebSite\images\Products.GIF --> lindon.org / Products.GIF
101.11.29 10:53 B C:\Scripture Creations\Marketing\WebSite\images\Products.GIF --> lindon.org /images Products.GIF
102.01.28 10:29 B C:\Scripture Creations\Marketing\WebSite\images\ordermaps.htm --> lindon.org / ordermaps.htm
102.01.28 10:29 B C:\Scripture Creations\Marketing\WebSite\images\BookmarkMapColors.jpg --> lindon.org / BookmarkMapColors.jpg
102.01.28 10:30 B C:\Scripture Creations\Marketing\WebSite\images\b-distribution.gif --> lindon.org /images b-distribution.gif
102.01.28 10:30 B C:\Scripture Creations\Marketing\WebSite\images\b-employment.gif --> lindon.org /images b-employment.gif
102.01.28 10:30 B C:\Scripture Creations\Marketing\WebSite\images\b-ideas.gif --> lindon.org /images b-ideas.gif
102.01.28 10:30 B C:\Scripture Creations\Marketing\WebSite\images\b-links.gif --> lindon.org /images b-links.gif
102.01.28 10:30 B C:\Scripture Creations\Marketing\WebSite\images\b-order.gif --> lindon.org /images b-order.gif
102.01.28 10:30 B C:\Scripture Creations\Marketing\WebSite\images\b-overview.gif --> lindon.org /images b-overview.gif
102.01.28 10:30 B C:\Scripture Creations\Marketing\WebSite\images\b-products.gif --> lindon.org /images b-products.gif
102.01.28 10:30 B C:\Scripture Creations\Marketing\WebSite\images\b-register.gif --> lindon.org /images b-register.gif
102.01.28 10:30 B C:\Scripture Creations\Marketing\WebSite\images\BookmarkMapColors.jpg --> lindon.org /images BookmarkMapColors.jpg
102.01.28 10:30 B C:\Scripture Creations\Marketing\WebSite\images\BoxArticles.jpg --> lindon.org /images BoxArticles.jpg
102.01.28 10:31 B C:\Scripture Creations\Marketing\WebSite\images\BoxBishopRick.jpg --> lindon.org /images BoxBishopRick.jpg
102.01.28 10:31 B C:\Scripture Creations\Marketing\WebSite\images\BoxFishing.jpg --> lindon.org /images BoxFishing.jpg
102.01.28 10:31 B C:\Scripture Creations\Marketing\WebSite\images\BoxProphets.jpg --> lindon.org /images BoxProphets.jpg
102.01.28 10:31 B C:\Scripture Creations\Marketing\WebSite\images\cards.jpg --> lindon.org /images cards.jpg
102.01.28 10:32 B C:\Scripture Creations\Marketing\WebSite\images\Certif.jpg --> lindon.org /images Certif.jpg
102.01.28 10:32 B C:\Scripture Creations\Marketing\WebSite\images\collating.jpg --> lindon.org /images collating.jpg
102.01.28 10:32 B C:\Scripture Creations\Marketing\WebSite\images\concentratebox.jpg --> lindon.org /images concentratebox.jpg
102.01.28 10:32 B C:\Scripture Creations\Marketing\WebSite\images\darren.jpg --> lindon.org /images darren.jpg
102.01.28 10:32 B C:\Scripture Creations\Marketing\WebSite\images\DisplayBox.jpg --> lindon.org /images DisplayBox.jpg
102.01.28 10:32 B C:\Scripture Creations\Marketing\WebSite\images\DisplayBoxSmall.jpg --> lindon.org /images DisplayBoxSmall.jpg
102.01.28 10:33 B C:\Scripture Creations\Marketing\WebSite\images\FrugalFamily.jpg --> lindon.org /images FrugalFamily.jpg
102.01.28 10:33 B C:\Scripture Creations\Marketing\WebSite\images\lace.gif --> lindon.org /images lace.gif
102.01.28 10:33 B C:\Scripture Creations\Marketing\WebSite\images\logolong.gif --> lindon.org /images logolong.gif
102.01.28 10:33 B C:\Scripture Creations\Marketing\WebSite\images\LogoNew.jpg --> lindon.org /images LogoNew.jpg
102.01.28 10:33 B C:\Scripture Creations\Marketing\WebSite\images\map.jpg --> lindon.org /images map.jpg
102.01.28 10:33 B C:\Scripture Creations\Marketing\WebSite\images\OTBookmark.jpg --> lindon.org /images OTBookmark.jpg
102.01.28 10:34 B C:\Scripture Creations\Marketing\WebSite\images\Products.gif --> lindon.org /images Products.gif
102.01.28 10:38 B C:\Scripture Creations\Marketing\WebSite\images\Products.psd --> lindon.org /images Products.psd
102.01.28 10:39 B C:\Scripture Creations\Marketing\WebSite\images\ProductsDark.GIF --> lindon.org /images ProductsDark.GIF
102.01.28 10:44 B C:\Scripture Creations\Marketing\WebSite\images\ProductsDark.psd --> lindon.org /images ProductsDark.psd
102.01.28 10:44 B C:\Scripture Creations\Marketing\WebSite\images\reed&eve.jpg --> lindon.org /images reed&eve.jpg
102.01.28 10:45 B C:\Scripture Creations\Marketing\WebSite\images\SWCertificate.jpg --> lindon.org /images SWCertificate.jpg
102.01.28 10:45 B C:\Scripture Creations\Marketing\WebSite\images\WS_FTP.LOG --> lindon.org /images WS_FTP.LOG
102.02.11 17:42 B C:\Scripture Creations\Marketing\WebSite\images\BofMBookmark.jpg --> lindon.org /images BofMBookmark.jpg
102.02.11 17:43 B C:\Scripture Creations\Marketing\WebSite\images\BookmarkMapColors.jpg --> lindon.org /images BookmarkMapColors.jpg
102.02.11 17:43 B C:\Scripture Creations\Marketing\WebSite\images\Certif.jpg --> lindon.org /images Certif.jpg
102.02.11 17:43 B C:\Scripture Creations\Marketing\WebSite\images\CertifMat.jpg --> lindon.org /images CertifMat.jpg
102.02.11 17:44 B C:\Scripture Creations\Marketing\WebSite\images\OTBookmark.jpg --> lindon.org /images OTBookmark.jpg
102.02.11 17:44 B C:\Scripture Creations\Marketing\WebSite\images\SWCertificate.jpg --> lindon.org /images SWCertificate.jpg
103.01.27 19:42 B C:\Scripture Creations\Marketing\WebSite\images\PlanOfSalvation.jpg --> lindon.org /images PlanOfSalvation.jpg
103.01.27 19:42 B C:\Scripture Creations\Marketing\WebSite\images\SignsOfTimes.jpg --> lindon.org /images SignsOfTimes.jpg
103.10.11 12:52 B C:\Scripture Creations\Marketing\WebSite\images\b-distribution.gif --> lindon.org /images b-distribution.gif
103.10.11 12:52 B C:\Scripture Creations\Marketing\WebSite\images\b-employment.gif --> lindon.org /images b-employment.gif
103.10.11 12:52 B C:\Scripture Creations\Marketing\WebSite\images\b-ideas.gif --> lindon.org /images b-ideas.gif
103.10.11 12:52 B C:\Scripture Creations\Marketing\WebSite\images\b-links.gif --> lindon.org /images b-links.gif
103.10.11 12:53 B C:\Scripture Creations\Marketing\WebSite\images\b-order.gif --> lindon.org /images b-order.gif
103.10.11 12:53 B C:\Scripture Creations\Marketing\WebSite\images\b-overview.gif --> lindon.org /images b-overview.gif
103.10.11 12:53 B C:\Scripture Creations\Marketing\WebSite\images\b-products.gif --> lindon.org /images b-products.gif
103.10.11 12:53 B C:\Scripture Creations\Marketing\WebSite\images\b-register.gif --> lindon.org /images b-register.gif
103.10.11 12:53 B C:\Scripture Creations\Marketing\WebSite\images\BofMBookmark.jpg --> lindon.org /images BofMBookmark.jpg
103.10.11 12:53 B C:\Scripture Creations\Marketing\WebSite\images\BookmarkMapColors.jpg --> lindon.org /images BookmarkMapColors.jpg
103.10.11 13:01 B C:\Scripture Creations\Marketing\WebSite\images\ProductsDark.JPG --> lindon.org /images ProductsDark.JPG
103.10.11 13:07 B C:\Scripture Creations\Marketing\WebSite\images\productsdark.jpg --> lindon.org /images productsdark.jpg
103.12.01 16:31 B C:\Scripture Creations\Marketing\WebSite\images\Tahu.JPG --> lindon.org /images Tahu.JPG
103.12.01 16:32 B C:\Scripture Creations\Marketing\WebSite\images\TahuBkgrnd.JPG --> lindon.org /images TahuBkgrnd.JPG
103.12.01 16:32 B C:\Scripture Creations\Marketing\WebSite\images\TahuOrig.JPG --> lindon.org /images TahuOrig.JPG
104.11.05 20:02 B C:\Scripture Creations\Marketing\WebSite\images\RURelatedCDArt.jpg --> lindon.org /www/scripturecreations.com RURelatedCDArt.jpg
104.11.05 20:06 B C:\Scripture Creations\Marketing\WebSite\images\RURelatedCDArt.jpg --> lindon.org /www/scripturecreations.com/images RURelatedCDArt.jpg
104.11.05 20:14 B C:\Scripture Creations\Marketing\WebSite\images\RURelatedCDArt.jpg --> lindon.org /www/scripturecreations.com/images RURelatedCDArt.jpg
105.02.22 22:04 B C:\Scripture Creations\Marketing\WebSite\images\sonic.gif --> lindon.org /www/scripturecreations.com/images sonic.gif
